#
# A fatal error has been detected by the Java Runtime Environment:
#
#  EXCEPTION_ACCESS_VIOLATION (0xc0000005) at pc=0x00007ff9130c4990, pid=16380, tid=668
#
# JRE version: OpenJDK Runtime Environment Temurin-17.0.9+9 (17.0.9+9) (build 17.0.9+9)
# Java VM: OpenJDK 64-Bit Server VM Temurin-17.0.9+9 (17.0.9+9, mixed mode, sharing, tiered, compressed oops, compressed class ptrs, g1 gc, windows-amd64)
# Problematic frame:
# V  [jvm.dll+0x1d4990]
#
# No core dump will be written. Minidumps are not enabled by default on client versions of Windows
#
# If you would like to submit a bug report, please visit:
#   https://github.com/adoptium/adoptium-support/issues
#

---------------  S U M M A R Y ------------

Command Line: --add-opens=java.base/java.util=ALL-UNNAMED --add-opens=java.base/java.lang=ALL-UNNAMED --add-opens=java.base/java.lang.invoke=ALL-UNNAMED --add-opens=java.prefs/java.util.prefs=ALL-UNNAMED --add-opens=java.base/java.nio.charset=ALL-UNNAMED --add-opens=java.base/java.net=ALL-UNNAMED --add-opens=java.base/java.util.concurrent.atomic=ALL-UNNAMED -XX:MaxMetaspaceSize=384m -XX:+HeapDumpOnOutOfMemoryError -Xms256m -Xmx512m -Dfile.encoding=UTF-8 -Duser.country=KR -Duser.language=ko -Duser.variant -javaagent:C:\Users\simko\.gradle\wrapper\dists\gradle-8.4-bin\1w5dpkrfk8irigvoxmyhowfim\gradle-8.4\lib\agents\gradle-instrumentation-agent-8.4.jar org.gradle.launcher.daemon.bootstrap.GradleDaemon 8.4

Host: Intel(R) Core(TM) i5-9400F CPU @ 2.90GHz, 6 cores, 15G,  Windows 10 , 64 bit Build 19041 (10.0.19041.3636)
Time: Wed Mar 13 22:19:18 2024  Windows 10 , 64 bit Build 19041 (10.0.19041.3636) elapsed time: 10.278347 seconds (0d 0h 0m 10s)

---------------  T H R E A D  ---------------

Current thread (0x000001f9fe3f0600):  JavaThread "C1 CompilerThread0" daemon [_thread_in_vm, id=668, stack(0x000000d217900000,0x000000d217a00000)]


Current CompileTask:
C1:  10278 3661       2       groovy.lang.MetaClassImpl::addToAllMethodsIfPublic (22 bytes)

Stack: [0x000000d217900000,0x000000d217a00000],  sp=0x000000d2179fead0,  free space=1018k
Native frames: (J=compiled Java code, j=interpreted, Vv=VM code, C=native code)
V  [jvm.dll+0x1d4990]
V  [jvm.dll+0x1d3870]
V  [jvm.dll+0x1ce3e0]
V  [jvm.dll+0x135b2e]
V  [jvm.dll+0x135e56]
V  [jvm.dll+0x1352ea]
V  [jvm.dll+0x136fa1]
V  [jvm.dll+0x2297ae]
V  [jvm.dll+0x22797c]
V  [jvm.dll+0x7e9877]
V  [jvm.dll+0x7e3c3a]
V  [jvm.dll+0x67be35]
C  [ucrtbase.dll+0x21bb2]
C  [KERNEL32.DLL+0x17344]
C  [ntdll.dll+0x526b1]


siginfo: EXCEPTION_ACCESS_VIOLATION (0xc0000005), reading address 0x0000000000000198


Registers:
RAX=0x000001f9ad951d10, RBX=0x000001f9b1c0b9e0, RCX=0x000001f9b1c0b9f0, RDX=0x000000000000001f
RSP=0x000000d2179fead0, RBP=0x0000000000000004, RSI=0x0000000000000000, RDI=0x0000000000000001
R8 =0x00007ff913822b98, R9 =0x000001f9b1c68cc0, R10=0x0000000000000001, R11=0x000001f9ad919b28
R12=0x000001f9b1c0b9f0, R13=0x000001f9fe3d79f8, R14=0x0000000000000020, R15=0x0000000000000100
RIP=0x00007ff9130c4990, EFLAGS=0x0000000000010206


Register to memory mapping:

RIP=0x00007ff9130c4990 jvm.dll
RAX=0x000001f9ad951d10 is pointing into metadata
RBX=0x000001f9b1c0b9e0 points into unknown readable memory: 0x00007ff913822b98 | 98 2b 82 13 f9 7f 00 00
RCX=0x000001f9b1c0b9f0 points into unknown readable memory: 0x00007ff913822408 | 08 24 82 13 f9 7f 00 00
RDX=0x000000000000001f is an unknown value
RSP=0x000000d2179fead0 is pointing into the stack for thread: 0x000001f9fe3f0600
RBP=0x0000000000000004 is an unknown value
RSI=0x0 is NULL
RDI=0x0000000000000001 is an unknown value
R8 =0x00007ff913822b98 jvm.dll
R9 =0x000001f9b1c68cc0 points into unknown readable memory: 0x000001f9fe41dbb0 | b0 db 41 fe f9 01 00 00
R10=0x0000000000000001 is an unknown value
R11={method} {0x000001f9ad919b30} 'addToAllMethodsIfPublic' '(Lgroovy/lang/MetaMethod;)V' in 'groovy/lang/MetaClassImpl'
R12=0x000001f9b1c0b9f0 points into unknown readable memory: 0x00007ff913822408 | 08 24 82 13 f9 7f 00 00
R13=0x000001f9fe3d79f8 points into unknown readable memory: 0x000001f9fe3d0770 | 70 07 3d fe f9 01 00 00
R14=0x0000000000000020 is an unknown value
R15=0x0000000000000100 is an unknown value


Top of Stack: (sp=0x000000d2179fead0)
0x000000d2179fead0:   000001f9983fee90 000001f9b1c0b9e0
0x000000d2179feae0:   0000000000000002 000001f9fe3d0770
0x000000d2179feaf0:   000001f9b1c0b9f0 000001f9b1c08070
0x000000d2179feb00:   000001f9ad951ba0 000001f9b1c6a030
0x000000d2179feb10:   0000000000000048 00007ff9130c3870
0x000000d2179feb20:   000001f9fe3e7f30 000001f9b1c0b980
0x000000d2179feb30:   000001f9b1c0b9e0 000000d2179ff310
0x000000d2179feb40:   000001f98eff8410 00007ff913a06c50
0x000000d2179feb50:   000000d2179ff310 000001f9fe3d0990
0x000000d2179feb60:   0000000000000050 000001f9b1c68a90
0x000000d2179feb70:   000001f9fe3d0770 00007ff9130be3e0
0x000000d2179feb80:   000001f9b1c10058 00000000000083b0
0x000000d2179feb90:   000001f9fe3f0600 00007ff96f78f0b0
0x000000d2179feba0:   000001f9f866f070 00000000ffffff00
0x000000d2179febb0:   000001f9ad919b28 000001f9fe3f0600
0x000000d2179febc0:   00007ff913a06c50 000001f9b1c68a90
0x000000d2179febd0:   000001f9fe3f0bf0 00007ff913025b2e
0x000000d2179febe0:   000001f9b1c086c0 000001f9ad919b28
0x000000d2179febf0:   000000d2179fee20 000000d2179fee20
0x000000d2179fec00:   0000000000000640 0000000000007fd8
0x000000d2179fec10:   000001f9b1c0b908 00007ff91314c675
0x000000d2179fec20:   000001f9b1c69fc0 00007ff9130bdc05
0x000000d2179fec30:   000001f9b1c0b860 000001f9b1c68a90
0x000000d2179fec40:   000001f98eff8410 00000000000003d8
0x000000d2179fec50:   000001f9fe3f0bf0 00007ff913025e56
0x000000d2179fec60:   000001f9b1c0b8c0 000001f9b1c68a90
0x000000d2179fec70:   000001f9b1c68a90 00000000000003d8
0x000000d2179fec80:   000001f900000070 000000d2179feef0
0x000000d2179fec90:   0000000000000000 000001f9b1753210
0x000000d2179feca0:   0000000000000048 000000d200000001
0x000000d2179fecb0:   0000000000000000 0000000000000000
0x000000d2179fecc0:   0000000000000000 0000000000000000 

Instructions: (pc=0x00007ff9130c4990)
0x00007ff9130c4890:   8b f9 48 83 e7 fc 74 5a 65 48 8b 04 25 58 00 00
0x00007ff9130c48a0:   00 8b 0d 51 df 9e 00 48 89 74 24 30 48 8b 34 c8
0x00007ff9130c48b0:   b8 50 00 00 00 80 3c 30 00 75 05 e8 48 b5 6b 00
0x00007ff9130c48c0:   b8 20 00 00 00 48 8b d7 48 8b 04 30 48 8b 88 e0
0x00007ff9130c48d0:   04 00 00 48 8b 49 38 e8 a4 28 00 00 48 8b 74 24
0x00007ff9130c48e0:   30 83 e3 03 48 0b c3 48 8b 5c 24 38 48 83 c4 20
0x00007ff9130c48f0:   5f c3 83 e3 03 8b c3 48 8b 5c 24 38 48 83 c4 20
0x00007ff9130c4900:   5f c3 cc cc cc cc cc cc cc cc cc cc cc cc cc cc
0x00007ff9130c4910:   40 53 56 57 41 54 48 83 ec 28 33 f6 4c 8b e2 39
0x00007ff9130c4920:   35 0b 43 94 00 48 8b d9 8b fe 0f 86 13 01 00 00
0x00007ff9130c4930:   8b 0d c2 de 9e 00 65 48 8b 04 25 58 00 00 00 48
0x00007ff9130c4940:   89 6c 24 50 8d 6e 02 4c 89 6c 24 58 4c 89 74 24
0x00007ff9130c4950:   60 4c 8d 2c c8 4c 89 7c 24 20 66 0f 1f 44 00 00
0x00007ff9130c4960:   49 8b 04 24 49 8b cc ff 50 20 84 c0 48 8b ce 48
0x00007ff9130c4970:   63 c5 49 0f 45 cc 4c 8d 34 c5 00 00 00 00 48 8b
0x00007ff9130c4980:   41 08 4e 8b 7c 30 08 4d 85 ff 0f 84 85 00 00 00
0x00007ff9130c4990:   49 8b 8f 98 00 00 00 e8 b4 1c 02 00 84 c0 74 3d
0x00007ff9130c49a0:   49 8b 75 00 b8 50 00 00 00 80 3c 30 00 75 05 e8
0x00007ff9130c49b0:   54 b4 6b 00 b8 20 00 00 00 49 8b d7 48 8b 0c 30
0x00007ff9130c49c0:   48 8b 89 e0 04 00 00 48 8b 49 38 e8 b0 27 00 00
0x00007ff9130c49d0:   48 8b 4b 08 33 f6 4a 89 44 31 08 eb 41 48 8b 43
0x00007ff9130c49e0:   08 48 89 70 08 48 63 c7 48 8d 0c 00 48 8b 43 08
0x00007ff9130c49f0:   48 89 74 c8 18 48 8b 43 08 48 89 74 c8 20 48 8b
0x00007ff9130c4a00:   cb 48 8b 03 ff 50 28 84 c0 75 13 48 8b 43 08 48
0x00007ff9130c4a10:   89 70 10 eb 09 48 8b 43 08 4a 89 74 30 08 ff c7
0x00007ff9130c4a20:   83 c5 02 3b 3d 07 42 94 00 0f 82 31 ff ff ff 4c
0x00007ff9130c4a30:   8b 7c 24 20 4c 8b 74 24 60 4c 8b 6c 24 58 48 8b
0x00007ff9130c4a40:   6c 24 50 48 83 c4 28 41 5c 5f 5e 5b c3 cc cc cc
0x00007ff9130c4a50:   48 89 5c 24 08 57 48 83 ec 20 4c 63 42 08 48 8b
0x00007ff9130c4a60:   f9 48 8b 02 48 8b 50 08 4a 8b 5c c2 08 48 8b cb
0x00007ff9130c4a70:   48 83 e1 fc 74 2e 48 8b 89 98 00 00 00 e8 ce 1b
0x00007ff9130c4a80:   02 00 84 c0 75 1e 48 8b 07 83 e3 03 48 63 57 08 


Stack slot to memory mapping:
stack at sp + 0 slots: 0x000001f9983fee90 is a pointer to class: 
org.codehaus.groovy.reflection.CachedMethod {0x000001f9983fee98}
 - instance size:     8
 - klass size:        105
 - access:            public synchronized 
 - state:             fully_initialized
 - name:              'org/codehaus/groovy/reflection/CachedMethod'
 - super:             'groovy/lang/MetaMethod'
 - sub:               
 - arrays:            'org/codehaus/groovy/reflection/CachedMethod'[]
 - methods:           Array<T>(0x000001f9ad6a7ec8)
 - method ordering:   Array<T>(0x000001f9978eaca8)
 - default_methods:   Array<T>(0x0000000000000000)
 - local interfaces:  Array<T>(0x000001f9ad6a3f78)
 - trans. interfaces: Array<T>(0x000001f9ad6aa978)
 - constants:         constant pool [371] {0x000001f9ad6a8008} for 'org/codehaus/groovy/reflection/CachedMethod' cache=0x000001f9ad6ee5f0
 - class loader data:  loader data: 0x000001f996b57d70 for instance a 'org/gradle/internal/classloader/VisitableURLClassLoader'{0x00000000e0763030}
 - source file:       'CachedMethod.java'
 - class annotations:       Array<T>(0x0000000000000000)
 - class type annotations:  Array<T>(0x0000000000000000)
 - field annotations:       Array<T>(0x0000000000000000)
 - field type annotations:  Array<T>(0x0000000000000000)
 - inner classes:     Array<T>(0x000001f9ad6aa940)
 - nest members:     Array<T>(0x000001f9975bbc10)
 - permitted subclasses:     Array<T>(0x000001f9975bbc10)
 - java mirror:       a 'java/lang/Class'{0x00000000ed8fd3f8} = 'org/codehaus/groovy/reflection/CachedMethod'
 - vtable length      41  (start addr: 0x000001f9983ff058)
 - itable length      5 (start addr: 0x000001f9983ff1a0)
 - ---- static fields (1 words):
 - public static final 'EMPTY_ARRAY' '[Lorg/codehaus/groovy/reflection/CachedMethod;' @112 
 - private static final 'COMPARATOR' 'Lorg/codehaus/groovy/reflection/CachedMethod$MyComparator;' @116 
 - ---- non-static fields (12 words):
 - protected 'isVargsMethod' 'Z' @12 
 - protected volatile 'nativeParamTypes' '[Ljava/lang/Class;' @16 
 - protected volatile 'parameterTypes' '[Lorg/codehaus/groovy/reflection/CachedClass;' @20 
 - private 'signature' 'Ljava/lang/String;' @24 
 - private 'mopName' 'Ljava/lang/String;' @28 
 - private 'skipCompiled' 'Z' @13 
 - private 'makeAccessibleDone' 'Z' @14 
 - private 'hashCode' 'I' @32 
 - public final 'cachedClass' 'Lorg/codehaus/groovy/reflection/CachedClass;' @36 
 - private final 'cachedMethod' 'Ljava/lang/reflect/Method;' @40 
 - private 'transformedMethod' 'Lorg/codehaus/groovy/reflection/CachedMethod;' @44 
 - private 'pogoCallSiteConstructor' 'Ljava/lang/ref/SoftReference;' @48 
 - private 'pojoCallSiteConstructor' 'Ljava/lang/ref/SoftReference;' @52 
 - private 'staticCallSiteConstructor' 'Ljava/lang/ref/SoftReference;' @56 
 - non-static oop maps: 16-28 36-56 
stack at sp + 1 slots: 0x000001f9b1c0b9e0 points into unknown readable memory: 0x00007ff913822b98 | 98 2b 82 13 f9 7f 00 00
stack at sp + 2 slots: 0x0000000000000002 is an unknown value
stack at sp + 3 slots: 0x000001f9fe3d0770 points into unknown readable memory: 0x0000000000000000 | 00 00 00 00 00 00 00 00
stack at sp + 4 slots: 0x000001f9b1c0b9f0 points into unknown readable memory: 0x00007ff913822408 | 08 24 82 13 f9 7f 00 00
stack at sp + 5 slots: 0x000001f9b1c08070 points into unknown readable memory: 0x0000000000000000 | 00 00 00 00 00 00 00 00
stack at sp + 6 slots: 0x000001f9ad951ba0 is pointing into metadata
stack at sp + 7 slots: 0x000001f9b1c6a030 points into unknown readable memory: 0x00007ff913822ff8 | f8 2f 82 13 f9 7f 00 00


---------------  P R O C E S S  ---------------

Threads class SMR info:
_java_thread_list=0x000001f9b46315a0, length=38, elements={
0x000001f9f879ead0, 0x000001f9fe3cc180, 0x000001f9fe3ccf10, 0x000001f9fe3eb570,
0x000001f9fe3edf50, 0x000001f9fe3ee820, 0x000001f9fe3ef0f0, 0x000001f9fe3efcf0,
0x000001f9fe3f0600, 0x000001f9fe3f6420, 0x000001f9fe3b9190, 0x000001f996c8c050,
0x000001f9b086da30, 0x000001f9b18fd430, 0x000001f9b1737070, 0x000001f9b1836520,
0x000001f9b2517f80, 0x000001f9b22db8f0, 0x000001f9b038bf90, 0x000001f9b1ea2580,
0x000001f9b2421890, 0x000001f9b1c8ae10, 0x000001f9b1c88fb0, 0x000001f9b1c89ee0,
0x000001f9b1c88080, 0x000001f9b1c88590, 0x000001f9b1c8a3f0, 0x000001f9b1c88aa0,
0x000001f9b1c8a900, 0x000001f9b1c8b320, 0x000001f9b1c894c0, 0x000001f9b1c899d0,
0x000001f9b2c8d4b0, 0x000001f9b2c87ea0, 0x000001f9b2c888c0, 0x000001f9b2c8a720,
0x000001f9b2c8c070, 0x000001f9b2c883b0
}

Java Threads: ( => current thread )
  0x000001f9f879ead0 JavaThread "main" [_thread_blocked, id=15932, stack(0x000000d216b00000,0x000000d216c00000)]
  0x000001f9fe3cc180 JavaThread "Reference Handler" daemon [_thread_blocked, id=8504, stack(0x000000d217200000,0x000000d217300000)]
  0x000001f9fe3ccf10 JavaThread "Finalizer" daemon [_thread_blocked, id=3188, stack(0x000000d217300000,0x000000d217400000)]
  0x000001f9fe3eb570 JavaThread "Signal Dispatcher" daemon [_thread_blocked, id=16940, stack(0x000000d217400000,0x000000d217500000)]
  0x000001f9fe3edf50 JavaThread "Attach Listener" daemon [_thread_blocked, id=3740, stack(0x000000d217500000,0x000000d217600000)]
  0x000001f9fe3ee820 JavaThread "Service Thread" daemon [_thread_blocked, id=17676, stack(0x000000d217600000,0x000000d217700000)]
  0x000001f9fe3ef0f0 JavaThread "Monitor Deflation Thread" daemon [_thread_blocked, id=17668, stack(0x000000d217700000,0x000000d217800000)]
  0x000001f9fe3efcf0 JavaThread "C2 CompilerThread0" daemon [_thread_in_native, id=11116, stack(0x000000d217800000,0x000000d217900000)]
=>0x000001f9fe3f0600 JavaThread "C1 CompilerThread0" daemon [_thread_in_vm, id=668, stack(0x000000d217900000,0x000000d217a00000)]
  0x000001f9fe3f6420 JavaThread "Sweeper thread" daemon [_thread_blocked, id=16500, stack(0x000000d217a00000,0x000000d217b00000)]
  0x000001f9fe3b9190 JavaThread "Common-Cleaner" daemon [_thread_blocked, id=8004, stack(0x000000d217b00000,0x000000d217c00000)]
  0x000001f996c8c050 JavaThread "Notification Thread" daemon [_thread_blocked, id=14308, stack(0x000000d217c00000,0x000000d217d00000)]
  0x000001f9b086da30 JavaThread "C2 CompilerThread1" daemon [_thread_in_native, id=8012, stack(0x000000d217e00000,0x000000d217f00000)]
  0x000001f9b18fd430 JavaThread "Daemon health stats" [_thread_blocked, id=9576, stack(0x000000d218400000,0x000000d218500000)]
  0x000001f9b1737070 JavaThread "Incoming local TCP Connector on port 1315" [_thread_in_native, id=9536, stack(0x000000d218500000,0x000000d218600000)]
  0x000001f9b1836520 JavaThread "Daemon periodic checks" [_thread_blocked, id=17616, stack(0x000000d218600000,0x000000d218700000)]
  0x000001f9b2517f80 JavaThread "Daemon" [_thread_blocked, id=18988, stack(0x000000d218700000,0x000000d218800000)]
  0x000001f9b22db8f0 JavaThread "Handler for socket connection from /127.0.0.1:1315 to /127.0.0.1:1316" [_thread_in_native, id=18968, stack(0x000000d218800000,0x000000d218900000)]
  0x000001f9b038bf90 JavaThread "Cancel handler" [_thread_blocked, id=12792, stack(0x000000d218900000,0x000000d218a00000)]
  0x000001f9b1ea2580 JavaThread "Daemon worker" [_thread_in_native, id=17512, stack(0x000000d218a00000,0x000000d218b00000)]
  0x000001f9b2421890 JavaThread "Asynchronous log dispatcher for DefaultDaemonConnection: socket connection from /127.0.0.1:1315 to /127.0.0.1:1316" [_thread_blocked, id=18944, stack(0x000000d218b00000,0x000000d218c00000)]
  0x000001f9b1c8ae10 JavaThread "Stdin handler" [_thread_blocked, id=12092, stack(0x000000d218c00000,0x000000d218d00000)]
  0x000001f9b1c88fb0 JavaThread "Daemon client event forwarder" [_thread_blocked, id=18448, stack(0x000000d218d00000,0x000000d218e00000)]
  0x000001f9b1c89ee0 JavaThread "Cache worker for journal cache (C:\Users\simko\.gradle\caches\journal-1)" [_thread_blocked, id=3684, stack(0x000000d218e00000,0x000000d218f00000)]
  0x000001f9b1c88080 JavaThread "File lock request listener" [_thread_in_native, id=18000, stack(0x000000d218f00000,0x000000d219000000)]
  0x000001f9b1c88590 JavaThread "Cache worker for file hash cache (C:\Users\simko\.gradle\caches\8.4\fileHashes)" [_thread_blocked, id=18200, stack(0x000000d219000000,0x000000d219100000)]
  0x000001f9b1c8a3f0 JavaThread "File watcher server" daemon [_thread_in_native, id=8420, stack(0x000000d219100000,0x000000d219200000)]
  0x000001f9b1c88aa0 JavaThread "File watcher consumer" daemon [_thread_blocked, id=10328, stack(0x000000d219200000,0x000000d219300000)]
  0x000001f9b1c8a900 JavaThread "Cache worker for checksums cache (C:\Users\simko\OneDrive\바탕 화면\revelup\.gradle\8.4\checksums)" [_thread_blocked, id=18416, stack(0x000000d219400000,0x000000d219500000)]
  0x000001f9b1c8b320 JavaThread "Cache worker for file hash cache (C:\Users\simko\OneDrive\바탕 화면\revelup\.gradle\8.4\fileHashes)" [_thread_blocked, id=6304, stack(0x000000d219500000,0x000000d219600000)]
  0x000001f9b1c894c0 JavaThread "Cache worker for cache directory md-supplier (C:\Users\simko\.gradle\caches\8.4\md-supplier)" [_thread_blocked, id=9208, stack(0x000000d219600000,0x000000d219700000)]
  0x000001f9b1c899d0 JavaThread "Cache worker for file content cache (C:\Users\simko\.gradle\caches\8.4\fileContent)" [_thread_blocked, id=2348, stack(0x000000d219700000,0x000000d219800000)]
  0x000001f9b2c8d4b0 JavaThread "Cache worker for cache directory md-rule (C:\Users\simko\.gradle\caches\8.4\md-rule)" [_thread_blocked, id=14104, stack(0x000000d219800000,0x000000d219900000)]
  0x000001f9b2c87ea0 JavaThread "Cache worker for execution history cache (C:\Users\simko\.gradle\caches\8.4\executionHistory)" [_thread_blocked, id=6356, stack(0x000000d219900000,0x000000d219a00000)]
  0x000001f9b2c888c0 JavaThread "jar transforms" [_thread_blocked, id=7472, stack(0x000000d219a00000,0x000000d219b00000)]
  0x000001f9b2c8a720 JavaThread "jar transforms Thread 2" [_thread_blocked, id=2224, stack(0x000000d219b00000,0x000000d219c00000)]
  0x000001f9b2c8c070 JavaThread "jar transforms Thread 3" [_thread_blocked, id=18936, stack(0x000000d219c00000,0x000000d219d00000)]
  0x000001f9b2c883b0 JavaThread "jar transforms Thread 4" [_thread_blocked, id=18932, stack(0x000000d219d00000,0x000000d219e00000)]

Other Threads:
  0x000001f9fe3c89b0 VMThread "VM Thread" [stack: 0x000000d217100000,0x000000d217200000] [id=3912]
  0x000001f9f879f9a0 WatcherThread [stack: 0x000000d217d00000,0x000000d217e00000] [id=8948]
  0x000001f9f87cdec0 GCTaskThread "GC Thread#0" [stack: 0x000000d216c00000,0x000000d216d00000] [id=4212]
  0x000001f9b0a74810 GCTaskThread "GC Thread#1" [stack: 0x000000d217f00000,0x000000d218000000] [id=16740]
  0x000001f9b0a71460 GCTaskThread "GC Thread#2" [stack: 0x000000d218000000,0x000000d218100000] [id=18848]
  0x000001f9b0a71b40 GCTaskThread "GC Thread#3" [stack: 0x000000d218100000,0x000000d218200000] [id=11648]
  0x000001f9b0a6ebb0 GCTaskThread "GC Thread#4" [stack: 0x000000d218200000,0x000000d218300000] [id=8808]
  0x000001f9b0886980 GCTaskThread "GC Thread#5" [stack: 0x000000d218300000,0x000000d218400000] [id=11568]
  0x000001f9f87d2d20 ConcurrentGCThread "G1 Main Marker" [stack: 0x000000d216d00000,0x000000d216e00000] [id=7720]
  0x000001f9f87d3df0 ConcurrentGCThread "G1 Conc#0" [stack: 0x000000d216e00000,0x000000d216f00000] [id=17672]
  0x000001f9b392ba20 ConcurrentGCThread "G1 Conc#1" [stack: 0x000000d219300000,0x000000d219400000] [id=8904]
  0x000001f9f885dee0 ConcurrentGCThread "G1 Refine#0" [stack: 0x000000d216f00000,0x000000d217000000] [id=3288]
  0x000001f9f885e820 ConcurrentGCThread "G1 Service" [stack: 0x000000d217000000,0x000000d217100000] [id=2700]

Threads with active compile tasks:
C2 CompilerThread0    10387 3698   !   4       jdk.internal.loader.URLClassPath$JarLoader::getResource (354 bytes)
C1 CompilerThread0    10387 3661       2       groovy.lang.MetaClassImpl::addToAllMethodsIfPublic (22 bytes)
C2 CompilerThread1    10387 3709 %     4       java.io.WinNTFileSystem::normalize @ 58 (224 bytes)

VM state: not at safepoint (normal execution)

VM Mutex/Monitor currently owned by a thread: None

Heap address: 0x00000000e0000000, size: 512 MB, Compressed Oops mode: 32-bit

CDS archive(s) mapped at: [0x000001f997000000-0x000001f997ba0000-0x000001f997ba0000), size 12189696, SharedBaseAddress: 0x000001f997000000, ArchiveRelocationMode: 1.
Compressed class space mapped at: 0x000001f998000000-0x000001f9ac000000, reserved size: 335544320
Narrow klass base: 0x000001f997000000, Narrow klass shift: 0, Narrow klass range: 0x100000000

GC Precious Log:
 CPUs: 6 total, 6 available
 Memory: 16318M
 Large Page Support: Disabled
 NUMA Support: Disabled
 Compressed Oops: Enabled (32-bit)
 Heap Region Size: 1M
 Heap Min Capacity: 256M
 Heap Initial Capacity: 256M
 Heap Max Capacity: 512M
 Pre-touch: Disabled
 Parallel Workers: 6
 Concurrent Workers: 2
 Concurrent Refinement Workers: 6
 Periodic GC: Disabled

Heap:
 garbage-first heap   total 262144K, used 114694K [0x00000000e0000000, 0x0000000100000000)
  region size 1024K, 99 young (101376K), 12 survivors (12288K)
 Metaspace       used 33091K, committed 33472K, reserved 393216K
  class space    used 4562K, committed 4736K, reserved 327680K

Heap Regions: E=young(eden), S=young(survivor), O=old, HS=humongous(starts), HC=humongous(continues), CS=collection set, F=free, OA=open archive, CA=closed archive, TAMS=top-at-mark-start (previous, next)
|   0|0x00000000e0000000, 0x00000000e0100000, 0x00000000e0100000|100%|HS|  |TAMS 0x00000000e0100000, 0x00000000e0000000| Complete 
|   1|0x00000000e0100000, 0x00000000e0200000, 0x00000000e0200000|100%|HC|  |TAMS 0x00000000e0200000, 0x00000000e0100000| Complete 
|   2|0x00000000e0200000, 0x00000000e0300000, 0x00000000e0300000|100%|HC|  |TAMS 0x00000000e0300000, 0x00000000e0200000| Complete 
|   3|0x00000000e0300000, 0x00000000e0400000, 0x00000000e0400000|100%|HC|  |TAMS 0x00000000e0400000, 0x00000000e0300000| Complete 
|   4|0x00000000e0400000, 0x00000000e0500000, 0x00000000e0500000|100%| O|  |TAMS 0x00000000e0500000, 0x00000000e0400000| Untracked 
|   5|0x00000000e0500000, 0x00000000e0600000, 0x00000000e0600000|100%| O|  |TAMS 0x00000000e0600000, 0x00000000e0500000| Untracked 
|   6|0x00000000e0600000, 0x00000000e0700000, 0x00000000e0700000|100%| O|  |TAMS 0x00000000e0700000, 0x00000000e0600000| Untracked 
|   7|0x00000000e0700000, 0x00000000e0800000, 0x00000000e0800000|100%| O|  |TAMS 0x00000000e0800000, 0x00000000e0700000| Untracked 
|   8|0x00000000e0800000, 0x00000000e0900000, 0x00000000e0900000|100%| O|  |TAMS 0x00000000e0900000, 0x00000000e0800000| Complete 
|   9|0x00000000e0900000, 0x00000000e0a00000, 0x00000000e0a00000|100%| O|  |TAMS 0x00000000e0a00000, 0x00000000e0900000| Untracked 
|  10|0x00000000e0a00000, 0x00000000e0a65600, 0x00000000e0b00000| 39%| O|  |TAMS 0x00000000e0a65600, 0x00000000e0a00000| Untracked 
|  11|0x00000000e0b00000, 0x00000000e0c00000, 0x00000000e0c00000|100%|HS|  |TAMS 0x00000000e0b00000, 0x00000000e0b00000| Complete 
|  12|0x00000000e0c00000, 0x00000000e0d00000, 0x00000000e0d00000|100%|HS|  |TAMS 0x00000000e0c00000, 0x00000000e0c00000| Complete 
|  13|0x00000000e0d00000, 0x00000000e0e00000, 0x00000000e0e00000|100%|HC|  |TAMS 0x00000000e0d00000, 0x00000000e0d00000| Complete 
|  14|0x00000000e0e00000, 0x00000000e0f00000, 0x00000000e0f00000|100%|HS|  |TAMS 0x00000000e0e00000, 0x00000000e0e00000| Complete 
|  15|0x00000000e0f00000, 0x00000000e1000000, 0x00000000e1000000|100%|HC|  |TAMS 0x00000000e0f00000, 0x00000000e0f00000| Complete 
|  16|0x00000000e1000000, 0x00000000e1000000, 0x00000000e1100000|  0%| F|  |TAMS 0x00000000e1000000, 0x00000000e1000000| Untracked 
|  17|0x00000000e1100000, 0x00000000e1100000, 0x00000000e1200000|  0%| F|  |TAMS 0x00000000e1100000, 0x00000000e1100000| Untracked 
|  18|0x00000000e1200000, 0x00000000e1200000, 0x00000000e1300000|  0%| F|  |TAMS 0x00000000e1200000, 0x00000000e1200000| Untracked 
|  19|0x00000000e1300000, 0x00000000e1300000, 0x00000000e1400000|  0%| F|  |TAMS 0x00000000e1300000, 0x00000000e1300000| Untracked 
|  20|0x00000000e1400000, 0x00000000e1400000, 0x00000000e1500000|  0%| F|  |TAMS 0x00000000e1400000, 0x00000000e1400000| Untracked 
|  21|0x00000000e1500000, 0x00000000e1500000, 0x00000000e1600000|  0%| F|  |TAMS 0x00000000e1500000, 0x00000000e1500000| Untracked 
|  22|0x00000000e1600000, 0x00000000e1600000, 0x00000000e1700000|  0%| F|  |TAMS 0x00000000e1600000, 0x00000000e1600000| Untracked 
|  23|0x00000000e1700000, 0x00000000e1700000, 0x00000000e1800000|  0%| F|  |TAMS 0x00000000e1700000, 0x00000000e1700000| Untracked 
|  24|0x00000000e1800000, 0x00000000e1800000, 0x00000000e1900000|  0%| F|  |TAMS 0x00000000e1800000, 0x00000000e1800000| Untracked 
|  25|0x00000000e1900000, 0x00000000e1900000, 0x00000000e1a00000|  0%| F|  |TAMS 0x00000000e1900000, 0x00000000e1900000| Untracked 
|  26|0x00000000e1a00000, 0x00000000e1a00000, 0x00000000e1b00000|  0%| F|  |TAMS 0x00000000e1a00000, 0x00000000e1a00000| Untracked 
|  27|0x00000000e1b00000, 0x00000000e1b00000, 0x00000000e1c00000|  0%| F|  |TAMS 0x00000000e1b00000, 0x00000000e1b00000| Untracked 
|  28|0x00000000e1c00000, 0x00000000e1c00000, 0x00000000e1d00000|  0%| F|  |TAMS 0x00000000e1c00000, 0x00000000e1c00000| Untracked 
|  29|0x00000000e1d00000, 0x00000000e1d00000, 0x00000000e1e00000|  0%| F|  |TAMS 0x00000000e1d00000, 0x00000000e1d00000| Untracked 
|  30|0x00000000e1e00000, 0x00000000e1e00000, 0x00000000e1f00000|  0%| F|  |TAMS 0x00000000e1e00000, 0x00000000e1e00000| Untracked 
|  31|0x00000000e1f00000, 0x00000000e1f00000, 0x00000000e2000000|  0%| F|  |TAMS 0x00000000e1f00000, 0x00000000e1f00000| Untracked 
|  32|0x00000000e2000000, 0x00000000e2000000, 0x00000000e2100000|  0%| F|  |TAMS 0x00000000e2000000, 0x00000000e2000000| Untracked 
|  33|0x00000000e2100000, 0x00000000e2100000, 0x00000000e2200000|  0%| F|  |TAMS 0x00000000e2100000, 0x00000000e2100000| Untracked 
|  34|0x00000000e2200000, 0x00000000e2200000, 0x00000000e2300000|  0%| F|  |TAMS 0x00000000e2200000, 0x00000000e2200000| Untracked 
|  35|0x00000000e2300000, 0x00000000e2300000, 0x00000000e2400000|  0%| F|  |TAMS 0x00000000e2300000, 0x00000000e2300000| Untracked 
|  36|0x00000000e2400000, 0x00000000e2400000, 0x00000000e2500000|  0%| F|  |TAMS 0x00000000e2400000, 0x00000000e2400000| Untracked 
|  37|0x00000000e2500000, 0x00000000e2500000, 0x00000000e2600000|  0%| F|  |TAMS 0x00000000e2500000, 0x00000000e2500000| Untracked 
|  38|0x00000000e2600000, 0x00000000e2600000, 0x00000000e2700000|  0%| F|  |TAMS 0x00000000e2600000, 0x00000000e2600000| Untracked 
|  39|0x00000000e2700000, 0x00000000e2700000, 0x00000000e2800000|  0%| F|  |TAMS 0x00000000e2700000, 0x00000000e2700000| Untracked 
|  40|0x00000000e2800000, 0x00000000e2800000, 0x00000000e2900000|  0%| F|  |TAMS 0x00000000e2800000, 0x00000000e2800000| Untracked 
|  41|0x00000000e2900000, 0x00000000e2900000, 0x00000000e2a00000|  0%| F|  |TAMS 0x00000000e2900000, 0x00000000e2900000| Untracked 
|  42|0x00000000e2a00000, 0x00000000e2a00000, 0x00000000e2b00000|  0%| F|  |TAMS 0x00000000e2a00000, 0x00000000e2a00000| Untracked 
|  43|0x00000000e2b00000, 0x00000000e2b00000, 0x00000000e2c00000|  0%| F|  |TAMS 0x00000000e2b00000, 0x00000000e2b00000| Untracked 
|  44|0x00000000e2c00000, 0x00000000e2c00000, 0x00000000e2d00000|  0%| F|  |TAMS 0x00000000e2c00000, 0x00000000e2c00000| Untracked 
|  45|0x00000000e2d00000, 0x00000000e2d00000, 0x00000000e2e00000|  0%| F|  |TAMS 0x00000000e2d00000, 0x00000000e2d00000| Untracked 
|  46|0x00000000e2e00000, 0x00000000e2e00000, 0x00000000e2f00000|  0%| F|  |TAMS 0x00000000e2e00000, 0x00000000e2e00000| Untracked 
|  47|0x00000000e2f00000, 0x00000000e2f00000, 0x00000000e3000000|  0%| F|  |TAMS 0x00000000e2f00000, 0x00000000e2f00000| Untracked 
|  48|0x00000000e3000000, 0x00000000e3000000, 0x00000000e3100000|  0%| F|  |TAMS 0x00000000e3000000, 0x00000000e3000000| Untracked 
|  49|0x00000000e3100000, 0x00000000e3100000, 0x00000000e3200000|  0%| F|  |TAMS 0x00000000e3100000, 0x00000000e3100000| Untracked 
|  50|0x00000000e3200000, 0x00000000e3200000, 0x00000000e3300000|  0%| F|  |TAMS 0x00000000e3200000, 0x00000000e3200000| Untracked 
|  51|0x00000000e3300000, 0x00000000e3300000, 0x00000000e3400000|  0%| F|  |TAMS 0x00000000e3300000, 0x00000000e3300000| Untracked 
|  52|0x00000000e3400000, 0x00000000e3400000, 0x00000000e3500000|  0%| F|  |TAMS 0x00000000e3400000, 0x00000000e3400000| Untracked 
|  53|0x00000000e3500000, 0x00000000e3500000, 0x00000000e3600000|  0%| F|  |TAMS 0x00000000e3500000, 0x00000000e3500000| Untracked 
|  54|0x00000000e3600000, 0x00000000e3600000, 0x00000000e3700000|  0%| F|  |TAMS 0x00000000e3600000, 0x00000000e3600000| Untracked 
|  55|0x00000000e3700000, 0x00000000e3700000, 0x00000000e3800000|  0%| F|  |TAMS 0x00000000e3700000, 0x00000000e3700000| Untracked 
|  56|0x00000000e3800000, 0x00000000e3800000, 0x00000000e3900000|  0%| F|  |TAMS 0x00000000e3800000, 0x00000000e3800000| Untracked 
|  57|0x00000000e3900000, 0x00000000e3900000, 0x00000000e3a00000|  0%| F|  |TAMS 0x00000000e3900000, 0x00000000e3900000| Untracked 
|  58|0x00000000e3a00000, 0x00000000e3a00000, 0x00000000e3b00000|  0%| F|  |TAMS 0x00000000e3a00000, 0x00000000e3a00000| Untracked 
|  59|0x00000000e3b00000, 0x00000000e3b00000, 0x00000000e3c00000|  0%| F|  |TAMS 0x00000000e3b00000, 0x00000000e3b00000| Untracked 
|  60|0x00000000e3c00000, 0x00000000e3c00000, 0x00000000e3d00000|  0%| F|  |TAMS 0x00000000e3c00000, 0x00000000e3c00000| Untracked 
|  61|0x00000000e3d00000, 0x00000000e3d00000, 0x00000000e3e00000|  0%| F|  |TAMS 0x00000000e3d00000, 0x00000000e3d00000| Untracked 
|  62|0x00000000e3e00000, 0x00000000e3e00000, 0x00000000e3f00000|  0%| F|  |TAMS 0x00000000e3e00000, 0x00000000e3e00000| Untracked 
|  63|0x00000000e3f00000, 0x00000000e3f00000, 0x00000000e4000000|  0%| F|  |TAMS 0x00000000e3f00000, 0x00000000e3f00000| Untracked 
|  64|0x00000000e4000000, 0x00000000e4000000, 0x00000000e4100000|  0%| F|  |TAMS 0x00000000e4000000, 0x00000000e4000000| Untracked 
|  65|0x00000000e4100000, 0x00000000e4100000, 0x00000000e4200000|  0%| F|  |TAMS 0x00000000e4100000, 0x00000000e4100000| Untracked 
|  66|0x00000000e4200000, 0x00000000e4200000, 0x00000000e4300000|  0%| F|  |TAMS 0x00000000e4200000, 0x00000000e4200000| Untracked 
|  67|0x00000000e4300000, 0x00000000e4300000, 0x00000000e4400000|  0%| F|  |TAMS 0x00000000e4300000, 0x00000000e4300000| Untracked 
|  68|0x00000000e4400000, 0x00000000e4400000, 0x00000000e4500000|  0%| F|  |TAMS 0x00000000e4400000, 0x00000000e4400000| Untracked 
|  69|0x00000000e4500000, 0x00000000e4500000, 0x00000000e4600000|  0%| F|  |TAMS 0x00000000e4500000, 0x00000000e4500000| Untracked 
|  70|0x00000000e4600000, 0x00000000e4600000, 0x00000000e4700000|  0%| F|  |TAMS 0x00000000e4600000, 0x00000000e4600000| Untracked 
|  71|0x00000000e4700000, 0x00000000e4700000, 0x00000000e4800000|  0%| F|  |TAMS 0x00000000e4700000, 0x00000000e4700000| Untracked 
|  72|0x00000000e4800000, 0x00000000e4800000, 0x00000000e4900000|  0%| F|  |TAMS 0x00000000e4800000, 0x00000000e4800000| Untracked 
|  73|0x00000000e4900000, 0x00000000e4900000, 0x00000000e4a00000|  0%| F|  |TAMS 0x00000000e4900000, 0x00000000e4900000| Untracked 
|  74|0x00000000e4a00000, 0x00000000e4a00000, 0x00000000e4b00000|  0%| F|  |TAMS 0x00000000e4a00000, 0x00000000e4a00000| Untracked 
|  75|0x00000000e4b00000, 0x00000000e4b00000, 0x00000000e4c00000|  0%| F|  |TAMS 0x00000000e4b00000, 0x00000000e4b00000| Untracked 
|  76|0x00000000e4c00000, 0x00000000e4c00000, 0x00000000e4d00000|  0%| F|  |TAMS 0x00000000e4c00000, 0x00000000e4c00000| Untracked 
|  77|0x00000000e4d00000, 0x00000000e4d00000, 0x00000000e4e00000|  0%| F|  |TAMS 0x00000000e4d00000, 0x00000000e4d00000| Untracked 
|  78|0x00000000e4e00000, 0x00000000e4e00000, 0x00000000e4f00000|  0%| F|  |TAMS 0x00000000e4e00000, 0x00000000e4e00000| Untracked 
|  79|0x00000000e4f00000, 0x00000000e4f00000, 0x00000000e5000000|  0%| F|  |TAMS 0x00000000e4f00000, 0x00000000e4f00000| Untracked 
|  80|0x00000000e5000000, 0x00000000e5000000, 0x00000000e5100000|  0%| F|  |TAMS 0x00000000e5000000, 0x00000000e5000000| Untracked 
|  81|0x00000000e5100000, 0x00000000e5100000, 0x00000000e5200000|  0%| F|  |TAMS 0x00000000e5100000, 0x00000000e5100000| Untracked 
|  82|0x00000000e5200000, 0x00000000e5200000, 0x00000000e5300000|  0%| F|  |TAMS 0x00000000e5200000, 0x00000000e5200000| Untracked 
|  83|0x00000000e5300000, 0x00000000e5300000, 0x00000000e5400000|  0%| F|  |TAMS 0x00000000e5300000, 0x00000000e5300000| Untracked 
|  84|0x00000000e5400000, 0x00000000e5400000, 0x00000000e5500000|  0%| F|  |TAMS 0x00000000e5400000, 0x00000000e5400000| Untracked 
|  85|0x00000000e5500000, 0x00000000e5500000, 0x00000000e5600000|  0%| F|  |TAMS 0x00000000e5500000, 0x00000000e5500000| Untracked 
|  86|0x00000000e5600000, 0x00000000e5600000, 0x00000000e5700000|  0%| F|  |TAMS 0x00000000e5600000, 0x00000000e5600000| Untracked 
|  87|0x00000000e5700000, 0x00000000e5700000, 0x00000000e5800000|  0%| F|  |TAMS 0x00000000e5700000, 0x00000000e5700000| Untracked 
|  88|0x00000000e5800000, 0x00000000e5800000, 0x00000000e5900000|  0%| F|  |TAMS 0x00000000e5800000, 0x00000000e5800000| Untracked 
|  89|0x00000000e5900000, 0x00000000e5900000, 0x00000000e5a00000|  0%| F|  |TAMS 0x00000000e5900000, 0x00000000e5900000| Untracked 
|  90|0x00000000e5a00000, 0x00000000e5a00000, 0x00000000e5b00000|  0%| F|  |TAMS 0x00000000e5a00000, 0x00000000e5a00000| Untracked 
|  91|0x00000000e5b00000, 0x00000000e5b00000, 0x00000000e5c00000|  0%| F|  |TAMS 0x00000000e5b00000, 0x00000000e5b00000| Untracked 
|  92|0x00000000e5c00000, 0x00000000e5c00000, 0x00000000e5d00000|  0%| F|  |TAMS 0x00000000e5c00000, 0x00000000e5c00000| Untracked 
|  93|0x00000000e5d00000, 0x00000000e5d00000, 0x00000000e5e00000|  0%| F|  |TAMS 0x00000000e5d00000, 0x00000000e5d00000| Untracked 
|  94|0x00000000e5e00000, 0x00000000e5e00000, 0x00000000e5f00000|  0%| F|  |TAMS 0x00000000e5e00000, 0x00000000e5e00000| Untracked 
|  95|0x00000000e5f00000, 0x00000000e5f00000, 0x00000000e6000000|  0%| F|  |TAMS 0x00000000e5f00000, 0x00000000e5f00000| Untracked 
|  96|0x00000000e6000000, 0x00000000e6000000, 0x00000000e6100000|  0%| F|  |TAMS 0x00000000e6000000, 0x00000000e6000000| Untracked 
|  97|0x00000000e6100000, 0x00000000e6100000, 0x00000000e6200000|  0%| F|  |TAMS 0x00000000e6100000, 0x00000000e6100000| Untracked 
|  98|0x00000000e6200000, 0x00000000e6200000, 0x00000000e6300000|  0%| F|  |TAMS 0x00000000e6200000, 0x00000000e6200000| Untracked 
|  99|0x00000000e6300000, 0x00000000e6300000, 0x00000000e6400000|  0%| F|  |TAMS 0x00000000e6300000, 0x00000000e6300000| Untracked 
| 100|0x00000000e6400000, 0x00000000e6400000, 0x00000000e6500000|  0%| F|  |TAMS 0x00000000e6400000, 0x00000000e6400000| Untracked 
| 101|0x00000000e6500000, 0x00000000e6500000, 0x00000000e6600000|  0%| F|  |TAMS 0x00000000e6500000, 0x00000000e6500000| Untracked 
| 102|0x00000000e6600000, 0x00000000e6600000, 0x00000000e6700000|  0%| F|  |TAMS 0x00000000e6600000, 0x00000000e6600000| Untracked 
| 103|0x00000000e6700000, 0x00000000e6700000, 0x00000000e6800000|  0%| F|  |TAMS 0x00000000e6700000, 0x00000000e6700000| Untracked 
| 104|0x00000000e6800000, 0x00000000e6800000, 0x00000000e6900000|  0%| F|  |TAMS 0x00000000e6800000, 0x00000000e6800000| Untracked 
| 105|0x00000000e6900000, 0x00000000e6900000, 0x00000000e6a00000|  0%| F|  |TAMS 0x00000000e6900000, 0x00000000e6900000| Untracked 
| 106|0x00000000e6a00000, 0x00000000e6a00000, 0x00000000e6b00000|  0%| F|  |TAMS 0x00000000e6a00000, 0x00000000e6a00000| Untracked 
| 107|0x00000000e6b00000, 0x00000000e6b00000, 0x00000000e6c00000|  0%| F|  |TAMS 0x00000000e6b00000, 0x00000000e6b00000| Untracked 
| 108|0x00000000e6c00000, 0x00000000e6c00000, 0x00000000e6d00000|  0%| F|  |TAMS 0x00000000e6c00000, 0x00000000e6c00000| Untracked 
| 109|0x00000000e6d00000, 0x00000000e6d00000, 0x00000000e6e00000|  0%| F|  |TAMS 0x00000000e6d00000, 0x00000000e6d00000| Untracked 
| 110|0x00000000e6e00000, 0x00000000e6e00000, 0x00000000e6f00000|  0%| F|  |TAMS 0x00000000e6e00000, 0x00000000e6e00000| Untracked 
| 111|0x00000000e6f00000, 0x00000000e6f00000, 0x00000000e7000000|  0%| F|  |TAMS 0x00000000e6f00000, 0x00000000e6f00000| Untracked 
| 112|0x00000000e7000000, 0x00000000e7000000, 0x00000000e7100000|  0%| F|  |TAMS 0x00000000e7000000, 0x00000000e7000000| Untracked 
| 113|0x00000000e7100000, 0x00000000e7100000, 0x00000000e7200000|  0%| F|  |TAMS 0x00000000e7100000, 0x00000000e7100000| Untracked 
| 114|0x00000000e7200000, 0x00000000e7200000, 0x00000000e7300000|  0%| F|  |TAMS 0x00000000e7200000, 0x00000000e7200000| Untracked 
| 115|0x00000000e7300000, 0x00000000e7300000, 0x00000000e7400000|  0%| F|  |TAMS 0x00000000e7300000, 0x00000000e7300000| Untracked 
| 116|0x00000000e7400000, 0x00000000e7400000, 0x00000000e7500000|  0%| F|  |TAMS 0x00000000e7400000, 0x00000000e7400000| Untracked 
| 117|0x00000000e7500000, 0x00000000e7500000, 0x00000000e7600000|  0%| F|  |TAMS 0x00000000e7500000, 0x00000000e7500000| Untracked 
| 118|0x00000000e7600000, 0x00000000e7600000, 0x00000000e7700000|  0%| F|  |TAMS 0x00000000e7600000, 0x00000000e7600000| Untracked 
| 119|0x00000000e7700000, 0x00000000e7700000, 0x00000000e7800000|  0%| F|  |TAMS 0x00000000e7700000, 0x00000000e7700000| Untracked 
| 120|0x00000000e7800000, 0x00000000e7800000, 0x00000000e7900000|  0%| F|  |TAMS 0x00000000e7800000, 0x00000000e7800000| Untracked 
| 121|0x00000000e7900000, 0x00000000e7900000, 0x00000000e7a00000|  0%| F|  |TAMS 0x00000000e7900000, 0x00000000e7900000| Untracked 
| 122|0x00000000e7a00000, 0x00000000e7a00000, 0x00000000e7b00000|  0%| F|  |TAMS 0x00000000e7a00000, 0x00000000e7a00000| Untracked 
| 123|0x00000000e7b00000, 0x00000000e7b00000, 0x00000000e7c00000|  0%| F|  |TAMS 0x00000000e7b00000, 0x00000000e7b00000| Untracked 
| 124|0x00000000e7c00000, 0x00000000e7c9c540, 0x00000000e7d00000| 61%| S|CS|TAMS 0x00000000e7c00000, 0x00000000e7c00000| Complete 
| 125|0x00000000e7d00000, 0x00000000e7e00000, 0x00000000e7e00000|100%| S|CS|TAMS 0x00000000e7d00000, 0x00000000e7d00000| Complete 
| 126|0x00000000e7e00000, 0x00000000e7f00000, 0x00000000e7f00000|100%| S|CS|TAMS 0x00000000e7e00000, 0x00000000e7e00000| Complete 
| 127|0x00000000e7f00000, 0x00000000e8000000, 0x00000000e8000000|100%| S|CS|TAMS 0x00000000e7f00000, 0x00000000e7f00000| Complete 
| 128|0x00000000e8000000, 0x00000000e8100000, 0x00000000e8100000|100%| S|CS|TAMS 0x00000000e8000000, 0x00000000e8000000| Complete 
| 129|0x00000000e8100000, 0x00000000e8200000, 0x00000000e8200000|100%| S|CS|TAMS 0x00000000e8100000, 0x00000000e8100000| Complete 
| 130|0x00000000e8200000, 0x00000000e8300000, 0x00000000e8300000|100%| S|CS|TAMS 0x00000000e8200000, 0x00000000e8200000| Complete 
| 131|0x00000000e8300000, 0x00000000e8400000, 0x00000000e8400000|100%| S|CS|TAMS 0x00000000e8300000, 0x00000000e8300000| Complete 
| 132|0x00000000e8400000, 0x00000000e8500000, 0x00000000e8500000|100%| S|CS|TAMS 0x00000000e8400000, 0x00000000e8400000| Complete 
| 133|0x00000000e8500000, 0x00000000e8600000, 0x00000000e8600000|100%| S|CS|TAMS 0x00000000e8500000, 0x00000000e8500000| Complete 
| 134|0x00000000e8600000, 0x00000000e8700000, 0x00000000e8700000|100%| S|CS|TAMS 0x00000000e8600000, 0x00000000e8600000| Complete 
| 135|0x00000000e8700000, 0x00000000e8800000, 0x00000000e8800000|100%| S|CS|TAMS 0x00000000e8700000, 0x00000000e8700000| Complete 
| 136|0x00000000e8800000, 0x00000000e8800000, 0x00000000e8900000|  0%| F|  |TAMS 0x00000000e8800000, 0x00000000e8800000| Untracked 
| 137|0x00000000e8900000, 0x00000000e8900000, 0x00000000e8a00000|  0%| F|  |TAMS 0x00000000e8900000, 0x00000000e8900000| Untracked 
| 138|0x00000000e8a00000, 0x00000000e8a00000, 0x00000000e8b00000|  0%| F|  |TAMS 0x00000000e8a00000, 0x00000000e8a00000| Untracked 
| 139|0x00000000e8b00000, 0x00000000e8b00000, 0x00000000e8c00000|  0%| F|  |TAMS 0x00000000e8b00000, 0x00000000e8b00000| Untracked 
| 140|0x00000000e8c00000, 0x00000000e8c00000, 0x00000000e8d00000|  0%| F|  |TAMS 0x00000000e8c00000, 0x00000000e8c00000| Untracked 
| 141|0x00000000e8d00000, 0x00000000e8d00000, 0x00000000e8e00000|  0%| F|  |TAMS 0x00000000e8d00000, 0x00000000e8d00000| Untracked 
| 142|0x00000000e8e00000, 0x00000000e8e00000, 0x00000000e8f00000|  0%| F|  |TAMS 0x00000000e8e00000, 0x00000000e8e00000| Untracked 
| 143|0x00000000e8f00000, 0x00000000e8f00000, 0x00000000e9000000|  0%| F|  |TAMS 0x00000000e8f00000, 0x00000000e8f00000| Untracked 
| 144|0x00000000e9000000, 0x00000000e9000000, 0x00000000e9100000|  0%| F|  |TAMS 0x00000000e9000000, 0x00000000e9000000| Untracked 
| 145|0x00000000e9100000, 0x00000000e9100000, 0x00000000e9200000|  0%| F|  |TAMS 0x00000000e9100000, 0x00000000e9100000| Untracked 
| 146|0x00000000e9200000, 0x00000000e9200000, 0x00000000e9300000|  0%| F|  |TAMS 0x00000000e9200000, 0x00000000e9200000| Untracked 
| 147|0x00000000e9300000, 0x00000000e9300000, 0x00000000e9400000|  0%| F|  |TAMS 0x00000000e9300000, 0x00000000e9300000| Untracked 
| 148|0x00000000e9400000, 0x00000000e9400000, 0x00000000e9500000|  0%| F|  |TAMS 0x00000000e9400000, 0x00000000e9400000| Untracked 
| 149|0x00000000e9500000, 0x00000000e9500000, 0x00000000e9600000|  0%| F|  |TAMS 0x00000000e9500000, 0x00000000e9500000| Untracked 
| 150|0x00000000e9600000, 0x00000000e9600000, 0x00000000e9700000|  0%| F|  |TAMS 0x00000000e9600000, 0x00000000e9600000| Untracked 
| 151|0x00000000e9700000, 0x00000000e9700000, 0x00000000e9800000|  0%| F|  |TAMS 0x00000000e9700000, 0x00000000e9700000| Untracked 
| 152|0x00000000e9800000, 0x00000000e9800000, 0x00000000e9900000|  0%| F|  |TAMS 0x00000000e9800000, 0x00000000e9800000| Untracked 
| 153|0x00000000e9900000, 0x00000000e9900000, 0x00000000e9a00000|  0%| F|  |TAMS 0x00000000e9900000, 0x00000000e9900000| Untracked 
| 154|0x00000000e9a00000, 0x00000000e9a00000, 0x00000000e9b00000|  0%| F|  |TAMS 0x00000000e9a00000, 0x00000000e9a00000| Untracked 
| 155|0x00000000e9b00000, 0x00000000e9b00000, 0x00000000e9c00000|  0%| F|  |TAMS 0x00000000e9b00000, 0x00000000e9b00000| Untracked 
| 156|0x00000000e9c00000, 0x00000000e9c00000, 0x00000000e9d00000|  0%| F|  |TAMS 0x00000000e9c00000, 0x00000000e9c00000| Untracked 
| 157|0x00000000e9d00000, 0x00000000e9d00000, 0x00000000e9e00000|  0%| F|  |TAMS 0x00000000e9d00000, 0x00000000e9d00000| Untracked 
| 158|0x00000000e9e00000, 0x00000000e9e00000, 0x00000000e9f00000|  0%| F|  |TAMS 0x00000000e9e00000, 0x00000000e9e00000| Untracked 
| 159|0x00000000e9f00000, 0x00000000e9f00000, 0x00000000ea000000|  0%| F|  |TAMS 0x00000000e9f00000, 0x00000000e9f00000| Untracked 
| 160|0x00000000ea000000, 0x00000000ea000000, 0x00000000ea100000|  0%| F|  |TAMS 0x00000000ea000000, 0x00000000ea000000| Untracked 
| 161|0x00000000ea100000, 0x00000000ea100000, 0x00000000ea200000|  0%| F|  |TAMS 0x00000000ea100000, 0x00000000ea100000| Untracked 
| 162|0x00000000ea200000, 0x00000000ea200000, 0x00000000ea300000|  0%| F|  |TAMS 0x00000000ea200000, 0x00000000ea200000| Untracked 
| 163|0x00000000ea300000, 0x00000000ea300000, 0x00000000ea400000|  0%| F|  |TAMS 0x00000000ea300000, 0x00000000ea300000| Untracked 
| 164|0x00000000ea400000, 0x00000000ea400000, 0x00000000ea500000|  0%| F|  |TAMS 0x00000000ea400000, 0x00000000ea400000| Untracked 
| 165|0x00000000ea500000, 0x00000000ea500000, 0x00000000ea600000|  0%| F|  |TAMS 0x00000000ea500000, 0x00000000ea500000| Untracked 
| 166|0x00000000ea600000, 0x00000000ea600000, 0x00000000ea700000|  0%| F|  |TAMS 0x00000000ea600000, 0x00000000ea600000| Untracked 
| 167|0x00000000ea700000, 0x00000000ea700000, 0x00000000ea800000|  0%| F|  |TAMS 0x00000000ea700000, 0x00000000ea700000| Untracked 
| 168|0x00000000ea800000, 0x00000000ea900000, 0x00000000ea900000|100%| E|  |TAMS 0x00000000ea800000, 0x00000000ea800000| Complete 
| 169|0x00000000ea900000, 0x00000000eaa00000, 0x00000000eaa00000|100%| E|CS|TAMS 0x00000000ea900000, 0x00000000ea900000| Complete 
| 170|0x00000000eaa00000, 0x00000000eab00000, 0x00000000eab00000|100%| E|CS|TAMS 0x00000000eaa00000, 0x00000000eaa00000| Complete 
| 171|0x00000000eab00000, 0x00000000eac00000, 0x00000000eac00000|100%| E|CS|TAMS 0x00000000eab00000, 0x00000000eab00000| Complete 
| 172|0x00000000eac00000, 0x00000000ead00000, 0x00000000ead00000|100%| E|CS|TAMS 0x00000000eac00000, 0x00000000eac00000| Complete 
| 173|0x00000000ead00000, 0x00000000eae00000, 0x00000000eae00000|100%| E|CS|TAMS 0x00000000ead00000, 0x00000000ead00000| Complete 
| 174|0x00000000eae00000, 0x00000000eaf00000, 0x00000000eaf00000|100%| E|  |TAMS 0x00000000eae00000, 0x00000000eae00000| Complete 
| 175|0x00000000eaf00000, 0x00000000eb000000, 0x00000000eb000000|100%| E|CS|TAMS 0x00000000eaf00000, 0x00000000eaf00000| Complete 
| 176|0x00000000eb000000, 0x00000000eb100000, 0x00000000eb100000|100%| E|CS|TAMS 0x00000000eb000000, 0x00000000eb000000| Complete 
| 177|0x00000000eb100000, 0x00000000eb200000, 0x00000000eb200000|100%| E|CS|TAMS 0x00000000eb100000, 0x00000000eb100000| Complete 
| 178|0x00000000eb200000, 0x00000000eb300000, 0x00000000eb300000|100%| E|CS|TAMS 0x00000000eb200000, 0x00000000eb200000| Complete 
| 179|0x00000000eb300000, 0x00000000eb400000, 0x00000000eb400000|100%| E|CS|TAMS 0x00000000eb300000, 0x00000000eb300000| Complete 
| 180|0x00000000eb400000, 0x00000000eb500000, 0x00000000eb500000|100%| E|CS|TAMS 0x00000000eb400000, 0x00000000eb400000| Complete 
| 181|0x00000000eb500000, 0x00000000eb600000, 0x00000000eb600000|100%| E|CS|TAMS 0x00000000eb500000, 0x00000000eb500000| Complete 
| 182|0x00000000eb600000, 0x00000000eb700000, 0x00000000eb700000|100%| E|CS|TAMS 0x00000000eb600000, 0x00000000eb600000| Complete 
| 183|0x00000000eb700000, 0x00000000eb800000, 0x00000000eb800000|100%| E|CS|TAMS 0x00000000eb700000, 0x00000000eb700000| Complete 
| 184|0x00000000eb800000, 0x00000000eb900000, 0x00000000eb900000|100%| E|CS|TAMS 0x00000000eb800000, 0x00000000eb800000| Complete 
| 185|0x00000000eb900000, 0x00000000eba00000, 0x00000000eba00000|100%| E|CS|TAMS 0x00000000eb900000, 0x00000000eb900000| Complete 
| 186|0x00000000eba00000, 0x00000000ebb00000, 0x00000000ebb00000|100%| E|CS|TAMS 0x00000000eba00000, 0x00000000eba00000| Complete 
| 187|0x00000000ebb00000, 0x00000000ebc00000, 0x00000000ebc00000|100%| E|CS|TAMS 0x00000000ebb00000, 0x00000000ebb00000| Complete 
| 188|0x00000000ebc00000, 0x00000000ebd00000, 0x00000000ebd00000|100%| E|CS|TAMS 0x00000000ebc00000, 0x00000000ebc00000| Complete 
| 189|0x00000000ebd00000, 0x00000000ebe00000, 0x00000000ebe00000|100%| E|CS|TAMS 0x00000000ebd00000, 0x00000000ebd00000| Complete 
| 190|0x00000000ebe00000, 0x00000000ebf00000, 0x00000000ebf00000|100%| E|CS|TAMS 0x00000000ebe00000, 0x00000000ebe00000| Complete 
| 191|0x00000000ebf00000, 0x00000000ec000000, 0x00000000ec000000|100%| E|CS|TAMS 0x00000000ebf00000, 0x00000000ebf00000| Complete 
| 192|0x00000000ec000000, 0x00000000ec100000, 0x00000000ec100000|100%| E|CS|TAMS 0x00000000ec000000, 0x00000000ec000000| Complete 
| 193|0x00000000ec100000, 0x00000000ec200000, 0x00000000ec200000|100%| E|CS|TAMS 0x00000000ec100000, 0x00000000ec100000| Complete 
| 194|0x00000000ec200000, 0x00000000ec300000, 0x00000000ec300000|100%| E|CS|TAMS 0x00000000ec200000, 0x00000000ec200000| Complete 
| 195|0x00000000ec300000, 0x00000000ec400000, 0x00000000ec400000|100%| E|CS|TAMS 0x00000000ec300000, 0x00000000ec300000| Complete 
| 196|0x00000000ec400000, 0x00000000ec500000, 0x00000000ec500000|100%| E|CS|TAMS 0x00000000ec400000, 0x00000000ec400000| Complete 
| 197|0x00000000ec500000, 0x00000000ec600000, 0x00000000ec600000|100%| E|CS|TAMS 0x00000000ec500000, 0x00000000ec500000| Complete 
| 198|0x00000000ec600000, 0x00000000ec700000, 0x00000000ec700000|100%| E|CS|TAMS 0x00000000ec600000, 0x00000000ec600000| Complete 
| 199|0x00000000ec700000, 0x00000000ec800000, 0x00000000ec800000|100%| E|CS|TAMS 0x00000000ec700000, 0x00000000ec700000| Complete 
| 200|0x00000000ec800000, 0x00000000ec900000, 0x00000000ec900000|100%| E|CS|TAMS 0x00000000ec800000, 0x00000000ec800000| Complete 
| 201|0x00000000ec900000, 0x00000000eca00000, 0x00000000eca00000|100%| E|CS|TAMS 0x00000000ec900000, 0x00000000ec900000| Complete 
| 202|0x00000000eca00000, 0x00000000ecb00000, 0x00000000ecb00000|100%| E|CS|TAMS 0x00000000eca00000, 0x00000000eca00000| Complete 
| 203|0x00000000ecb00000, 0x00000000ecc00000, 0x00000000ecc00000|100%| E|CS|TAMS 0x00000000ecb00000, 0x00000000ecb00000| Complete 
| 204|0x00000000ecc00000, 0x00000000ecd00000, 0x00000000ecd00000|100%| E|CS|TAMS 0x00000000ecc00000, 0x00000000ecc00000| Complete 
| 205|0x00000000ecd00000, 0x00000000ece00000, 0x00000000ece00000|100%| E|CS|TAMS 0x00000000ecd00000, 0x00000000ecd00000| Complete 
| 206|0x00000000ece00000, 0x00000000ecf00000, 0x00000000ecf00000|100%| E|CS|TAMS 0x00000000ece00000, 0x00000000ece00000| Complete 
| 207|0x00000000ecf00000, 0x00000000ed000000, 0x00000000ed000000|100%| E|CS|TAMS 0x00000000ecf00000, 0x00000000ecf00000| Complete 
| 208|0x00000000ed000000, 0x00000000ed100000, 0x00000000ed100000|100%| E|CS|TAMS 0x00000000ed000000, 0x00000000ed000000| Complete 
| 209|0x00000000ed100000, 0x00000000ed200000, 0x00000000ed200000|100%| E|CS|TAMS 0x00000000ed100000, 0x00000000ed100000| Complete 
| 210|0x00000000ed200000, 0x00000000ed300000, 0x00000000ed300000|100%| E|CS|TAMS 0x00000000ed200000, 0x00000000ed200000| Complete 
| 211|0x00000000ed300000, 0x00000000ed400000, 0x00000000ed400000|100%| E|CS|TAMS 0x00000000ed300000, 0x00000000ed300000| Complete 
| 212|0x00000000ed400000, 0x00000000ed500000, 0x00000000ed500000|100%| E|CS|TAMS 0x00000000ed400000, 0x00000000ed400000| Complete 
| 213|0x00000000ed500000, 0x00000000ed600000, 0x00000000ed600000|100%| E|CS|TAMS 0x00000000ed500000, 0x00000000ed500000| Complete 
| 214|0x00000000ed600000, 0x00000000ed700000, 0x00000000ed700000|100%| E|CS|TAMS 0x00000000ed600000, 0x00000000ed600000| Complete 
| 215|0x00000000ed700000, 0x00000000ed800000, 0x00000000ed800000|100%| E|CS|TAMS 0x00000000ed700000, 0x00000000ed700000| Complete 
| 216|0x00000000ed800000, 0x00000000ed900000, 0x00000000ed900000|100%| E|CS|TAMS 0x00000000ed800000, 0x00000000ed800000| Complete 
| 217|0x00000000ed900000, 0x00000000eda00000, 0x00000000eda00000|100%| E|CS|TAMS 0x00000000ed900000, 0x00000000ed900000| Complete 
| 218|0x00000000eda00000, 0x00000000edb00000, 0x00000000edb00000|100%| E|CS|TAMS 0x00000000eda00000, 0x00000000eda00000| Complete 
| 219|0x00000000edb00000, 0x00000000edc00000, 0x00000000edc00000|100%| E|CS|TAMS 0x00000000edb00000, 0x00000000edb00000| Complete 
| 220|0x00000000edc00000, 0x00000000edd00000, 0x00000000edd00000|100%| E|CS|TAMS 0x00000000edc00000, 0x00000000edc00000| Complete 
| 221|0x00000000edd00000, 0x00000000ede00000, 0x00000000ede00000|100%| E|CS|TAMS 0x00000000edd00000, 0x00000000edd00000| Complete 
| 222|0x00000000ede00000, 0x00000000edf00000, 0x00000000edf00000|100%| E|CS|TAMS 0x00000000ede00000, 0x00000000ede00000| Complete 
| 223|0x00000000edf00000, 0x00000000ee000000, 0x00000000ee000000|100%| E|CS|TAMS 0x00000000edf00000, 0x00000000edf00000| Complete 
| 224|0x00000000ee000000, 0x00000000ee100000, 0x00000000ee100000|100%| E|CS|TAMS 0x00000000ee000000, 0x00000000ee000000| Complete 
| 225|0x00000000ee100000, 0x00000000ee200000, 0x00000000ee200000|100%| E|CS|TAMS 0x00000000ee100000, 0x00000000ee100000| Complete 
| 226|0x00000000ee200000, 0x00000000ee300000, 0x00000000ee300000|100%| E|CS|TAMS 0x00000000ee200000, 0x00000000ee200000| Complete 
| 227|0x00000000ee300000, 0x00000000ee400000, 0x00000000ee400000|100%| E|CS|TAMS 0x00000000ee300000, 0x00000000ee300000| Complete 
| 228|0x00000000ee400000, 0x00000000ee500000, 0x00000000ee500000|100%| E|CS|TAMS 0x00000000ee400000, 0x00000000ee400000| Complete 
| 229|0x00000000ee500000, 0x00000000ee600000, 0x00000000ee600000|100%| E|CS|TAMS 0x00000000ee500000, 0x00000000ee500000| Complete 
| 230|0x00000000ee600000, 0x00000000ee700000, 0x00000000ee700000|100%| E|CS|TAMS 0x00000000ee600000, 0x00000000ee600000| Complete 
| 231|0x00000000ee700000, 0x00000000ee800000, 0x00000000ee800000|100%| E|CS|TAMS 0x00000000ee700000, 0x00000000ee700000| Complete 
| 232|0x00000000ee800000, 0x00000000ee900000, 0x00000000ee900000|100%| E|CS|TAMS 0x00000000ee800000, 0x00000000ee800000| Complete 
| 233|0x00000000ee900000, 0x00000000eea00000, 0x00000000eea00000|100%| E|CS|TAMS 0x00000000ee900000, 0x00000000ee900000| Complete 
| 234|0x00000000eea00000, 0x00000000eeb00000, 0x00000000eeb00000|100%| E|CS|TAMS 0x00000000eea00000, 0x00000000eea00000| Complete 
| 235|0x00000000eeb00000, 0x00000000eec00000, 0x00000000eec00000|100%| E|CS|TAMS 0x00000000eeb00000, 0x00000000eeb00000| Complete 
| 236|0x00000000eec00000, 0x00000000eed00000, 0x00000000eed00000|100%| E|CS|TAMS 0x00000000eec00000, 0x00000000eec00000| Complete 
| 237|0x00000000eed00000, 0x00000000eee00000, 0x00000000eee00000|100%| E|CS|TAMS 0x00000000eed00000, 0x00000000eed00000| Complete 
| 238|0x00000000eee00000, 0x00000000eef00000, 0x00000000eef00000|100%| E|CS|TAMS 0x00000000eee00000, 0x00000000eee00000| Complete 
| 239|0x00000000eef00000, 0x00000000ef000000, 0x00000000ef000000|100%| E|CS|TAMS 0x00000000eef00000, 0x00000000eef00000| Complete 
| 240|0x00000000ef000000, 0x00000000ef100000, 0x00000000ef100000|100%| E|CS|TAMS 0x00000000ef000000, 0x00000000ef000000| Complete 
| 241|0x00000000ef100000, 0x00000000ef200000, 0x00000000ef200000|100%| E|CS|TAMS 0x00000000ef100000, 0x00000000ef100000| Complete 
| 242|0x00000000ef200000, 0x00000000ef300000, 0x00000000ef300000|100%| E|CS|TAMS 0x00000000ef200000, 0x00000000ef200000| Complete 
| 243|0x00000000ef300000, 0x00000000ef400000, 0x00000000ef400000|100%| E|CS|TAMS 0x00000000ef300000, 0x00000000ef300000| Complete 
| 244|0x00000000ef400000, 0x00000000ef500000, 0x00000000ef500000|100%| E|CS|TAMS 0x00000000ef400000, 0x00000000ef400000| Complete 
| 245|0x00000000ef500000, 0x00000000ef600000, 0x00000000ef600000|100%| E|CS|TAMS 0x00000000ef500000, 0x00000000ef500000| Complete 
| 246|0x00000000ef600000, 0x00000000ef700000, 0x00000000ef700000|100%| E|CS|TAMS 0x00000000ef600000, 0x00000000ef600000| Complete 
| 247|0x00000000ef700000, 0x00000000ef800000, 0x00000000ef800000|100%| E|CS|TAMS 0x00000000ef700000, 0x00000000ef700000| Complete 
| 248|0x00000000ef800000, 0x00000000ef900000, 0x00000000ef900000|100%| E|CS|TAMS 0x00000000ef800000, 0x00000000ef800000| Complete 
| 249|0x00000000ef900000, 0x00000000efa00000, 0x00000000efa00000|100%| E|CS|TAMS 0x00000000ef900000, 0x00000000ef900000| Complete 
| 250|0x00000000efa00000, 0x00000000efb00000, 0x00000000efb00000|100%| E|CS|TAMS 0x00000000efa00000, 0x00000000efa00000| Complete 
| 251|0x00000000efb00000, 0x00000000efc00000, 0x00000000efc00000|100%| E|CS|TAMS 0x00000000efb00000, 0x00000000efb00000| Complete 
| 252|0x00000000efc00000, 0x00000000efd00000, 0x00000000efd00000|100%| E|CS|TAMS 0x00000000efc00000, 0x00000000efc00000| Complete 
| 253|0x00000000efd00000, 0x00000000efe00000, 0x00000000efe00000|100%| E|CS|TAMS 0x00000000efd00000, 0x00000000efd00000| Complete 
| 254|0x00000000efe00000, 0x00000000eff00000, 0x00000000eff00000|100%| E|CS|TAMS 0x00000000efe00000, 0x00000000efe00000| Complete 
| 255|0x00000000eff00000, 0x00000000f0000000, 0x00000000f0000000|100%| E|CS|TAMS 0x00000000eff00000, 0x00000000eff00000| Complete 

Card table byte_map: [0x000001f9fa9e0000,0x000001f9faae0000] _byte_map_base: 0x000001f9fa2e0000

Marking Bits (Prev, Next): (CMBitMap*) 0x000001f9f87ce430, (CMBitMap*) 0x000001f9f87ce3f0
 Prev Bits: [0x000001f9fb3e0000, 0x000001f9fbbe0000)
 Next Bits: [0x000001f9fabe0000, 0x000001f9fb3e0000)

Polling page: 0x000001f9f8630000

Metaspace:

Usage:
  Non-class:     27.99 MB used.
      Class:      4.48 MB used.
       Both:     32.47 MB used.

Virtual space:
  Non-class space:       64.00 MB reserved,      28.19 MB ( 44%) committed,  1 nodes.
      Class space:      320.00 MB reserved,       4.62 MB (  1%) committed,  1 nodes.
             Both:      384.00 MB reserved,      32.81 MB (  9%) committed. 

Chunk freelists:
   Non-Class:  3.81 MB
       Class:  11.39 MB
        Both:  15.20 MB

MaxMetaspaceSize: 384.00 MB
CompressedClassSpaceSize: 320.00 MB
Initial GC threshold: 21.00 MB
Current GC threshold: 35.25 MB
CDS: on
MetaspaceReclaimPolicy: balanced
 - commit_granule_bytes: 65536.
 - commit_granule_words: 8192.
 - virtual_space_node_default_size: 8388608.
 - enlarge_chunks_in_place: 1.
 - new_chunks_are_fully_committed: 0.
 - uncommit_free_chunks: 1.
 - use_allocation_guard: 0.
 - handle_deallocations: 1.


Internal statistics:

num_allocs_failed_limit: 3.
num_arena_births: 316.
num_arena_deaths: 0.
num_vsnodes_births: 2.
num_vsnodes_deaths: 0.
num_space_committed: 526.
num_space_uncommitted: 0.
num_chunks_returned_to_freelist: 3.
num_chunks_taken_from_freelist: 1482.
num_chunk_merges: 3.
num_chunk_splits: 1007.
num_chunks_enlarged: 731.
num_inconsistent_stats: 0.

CodeHeap 'non-profiled nmethods': size=120000Kb used=1968Kb max_used=1968Kb free=118031Kb
 bounds [0x000001f98f530000, 0x000001f98f7a0000, 0x000001f996a60000]
CodeHeap 'profiled nmethods': size=120000Kb used=7413Kb max_used=7413Kb free=112586Kb
 bounds [0x000001f987a60000, 0x000001f9881a0000, 0x000001f98ef90000]
CodeHeap 'non-nmethods': size=5760Kb used=2311Kb max_used=2315Kb free=3448Kb
 bounds [0x000001f98ef90000, 0x000001f98f200000, 0x000001f98f530000]
 total_blobs=4475 nmethods=3676 adapters=708
 compilation: enabled
              stopped_count=0, restarted_count=0
 full_count=0

Compilation events (20 events):
Event: 10.257 Thread 0x000001f9fe3f0600 nmethod 3654 0x000001f988197b10 code [0x000001f988197ce0, 0x000001f988197ff8]
Event: 10.257 Thread 0x000001f9fe3f0600 3653       2       org.codehaus.groovy.util.ComplexKeyHashMap::hash (31 bytes)
Event: 10.257 Thread 0x000001f9fe3f0600 nmethod 3653 0x000001f988198210 code [0x000001f9881983a0, 0x000001f9881984b8]
Event: 10.257 Thread 0x000001f9fe3f0600 3655       2       groovy.lang.MetaClassImpl::getPropName (19 bytes)
Event: 10.257 Thread 0x000001f9fe3f0600 nmethod 3655 0x000001f988198590 code [0x000001f988198740, 0x000001f988198938]
Event: 10.257 Thread 0x000001f9fe3f0600 3656       2       groovy.lang.MetaClassImpl$$Lambda$516/0x000001f9984286a0::<init> (10 bytes)
Event: 10.257 Thread 0x000001f9fe3f0600 nmethod 3656 0x000001f988198b10 code [0x000001f988198ca0, 0x000001f988198df8]
Event: 10.257 Thread 0x000001f9fe3f0600 3657       2       groovy.lang.MetaClassImpl::createMetaBeanProperty (35 bytes)
Event: 10.257 Thread 0x000001f9fe3f0600 nmethod 3657 0x000001f988198e90 code [0x000001f988199040, 0x000001f988199268]
Event: 10.257 Thread 0x000001f9fe3f0600 3658       2       groovy.lang.MetaClassImpl::makeReplacementMetaProperty (241 bytes)
Event: 10.258 Thread 0x000001f9fe3f0600 nmethod 3658 0x000001f988199410 code [0x000001f988199700, 0x000001f98819a648]
Event: 10.260 Thread 0x000001f9b086da30 

Event: 10.261 Thread 0x000001f9b086da30 3632   !   4       jdk.internal.loader.URLClassPath$JarLoader::getResource (65 bytes)
Event: 10.261 Thread 0x000001f9fe3f0600 3659   !   3       java.net.URLClassLoader$1::run (81 bytes)
Event: 10.262 Thread 0x000001f9fe3efcf0 nmethod 3494 0x000001f98f704810 code [0x000001f98f704aa0, 0x000001f98f7070a0]
Event: 10.262 Thread 0x000001f9fe3f0600 nmethod 3659 0x000001f98819ac10 code [0x000001f98819afc0, 0x000001f98819c668]
Event: 10.262 Thread 0x000001f9fe3efcf0 3535       4       jdk.internal.jimage.ImageLocation::getAttributeString (54 bytes)
Event: 10.263 Thread 0x000001f9fe3f0600 3660 %     2       jdk.internal.loader.URLClassPath::getResource @ 39 (74 bytes)
Event: 10.263 Thread 0x000001f9fe3f0600 nmethod 3660% 0x000001f98819cf10 code [0x000001f98819d0c0, 0x000001f98819d358]
Event: 10.265 Thread 0x000001f9fe3f0600 3661       2       groovy.lang.MetaClassImpl::addToAllMethodsIfPublic (22 bytes)

GC Heap History (6 events):
Event: 4.667 GC heap before
{Heap before GC invocations=0 (full 0):
 garbage-first heap   total 262144K, used 24576K [0x00000000e0000000, 0x0000000100000000)
  region size 1024K, 21 young (21504K), 0 survivors (0K)
 Metaspace       used 2811K, committed 2944K, reserved 393216K
  class space    used 342K, committed 384K, reserved 327680K
}
Event: 4.669 GC heap after
{Heap after GC invocations=1 (full 0):
 garbage-first heap   total 262144K, used 10604K [0x00000000e0000000, 0x0000000100000000)
  region size 1024K, 3 young (3072K), 3 survivors (3072K)
 Metaspace       used 2811K, committed 2944K, reserved 393216K
  class space    used 342K, committed 384K, reserved 327680K
}
Event: 5.819 GC heap before
{Heap before GC invocations=1 (full 0):
 garbage-first heap   total 262144K, used 34156K [0x00000000e0000000, 0x0000000100000000)
  region size 1024K, 26 young (26624K), 3 survivors (3072K)
 Metaspace       used 4045K, committed 4224K, reserved 393216K
  class space    used 497K, committed 576K, reserved 327680K
}
Event: 5.821 GC heap after
{Heap after GC invocations=2 (full 0):
 garbage-first heap   total 262144K, used 11512K [0x00000000e0000000, 0x0000000100000000)
  region size 1024K, 1 young (1024K), 1 survivors (1024K)
 Metaspace       used 4045K, committed 4224K, reserved 393216K
  class space    used 497K, committed 576K, reserved 327680K
}
Event: 9.447 GC heap before
{Heap before GC invocations=2 (full 0):
 garbage-first heap   total 262144K, used 132344K [0x00000000e0000000, 0x0000000100000000)
  region size 1024K, 120 young (122880K), 1 survivors (1024K)
 Metaspace       used 21274K, committed 21504K, reserved 393216K
  class space    used 3140K, committed 3264K, reserved 327680K
}
Event: 9.453 GC heap after
{Heap after GC invocations=3 (full 0):
 garbage-first heap   total 262144K, used 22534K [0x00000000e0000000, 0x0000000100000000)
  region size 1024K, 12 young (12288K), 12 survivors (12288K)
 Metaspace       used 21274K, committed 21504K, reserved 393216K
  class space    used 3140K, committed 3264K, reserved 327680K
}

Dll operation events (14 events):
Event: 0.051 Loaded shared library E:\env\OpenJDK17U-jdk_x64_windows_hotspot_17.0.9_9\jdk-17.0.9+9\bin\java.dll
Event: 0.066 Loaded shared library E:\env\OpenJDK17U-jdk_x64_windows_hotspot_17.0.9_9\jdk-17.0.9+9\bin\jsvml.dll
Event: 0.111 Loaded shared library E:\env\OpenJDK17U-jdk_x64_windows_hotspot_17.0.9_9\jdk-17.0.9+9\bin\zip.dll
Event: 0.115 Loaded shared library E:\env\OpenJDK17U-jdk_x64_windows_hotspot_17.0.9_9\jdk-17.0.9+9\bin\instrument.dll
Event: 0.118 Loaded shared library E:\env\OpenJDK17U-jdk_x64_windows_hotspot_17.0.9_9\jdk-17.0.9+9\bin\net.dll
Event: 0.121 Loaded shared library E:\env\OpenJDK17U-jdk_x64_windows_hotspot_17.0.9_9\jdk-17.0.9+9\bin\nio.dll
Event: 0.130 Loaded shared library E:\env\OpenJDK17U-jdk_x64_windows_hotspot_17.0.9_9\jdk-17.0.9+9\bin\zip.dll
Event: 2.552 Loaded shared library E:\env\OpenJDK17U-jdk_x64_windows_hotspot_17.0.9_9\jdk-17.0.9+9\bin\jimage.dll
Event: 3.203 Loaded shared library E:\env\OpenJDK17U-jdk_x64_windows_hotspot_17.0.9_9\jdk-17.0.9+9\bin\verify.dll
Event: 4.576 Loaded shared library C:\Users\simko\.gradle\native\c067742578af261105cb4f569cf0c3c89f3d7b1fecec35dd04571415982c5e48\windows-amd64\native-platform.dll
Event: 4.634 Loaded shared library C:\Users\simko\.gradle\native\38dada09dfb8b06ba9b0570ebf7e218e3eb74d4ef43ca46872605cf95ebc2f47\windows-amd64\native-platform-file-events.dll
Event: 8.012 Loaded shared library E:\env\OpenJDK17U-jdk_x64_windows_hotspot_17.0.9_9\jdk-17.0.9+9\bin\management.dll
Event: 8.031 Loaded shared library E:\env\OpenJDK17U-jdk_x64_windows_hotspot_17.0.9_9\jdk-17.0.9+9\bin\management_ext.dll
Event: 8.373 Loaded shared library E:\env\OpenJDK17U-jdk_x64_windows_hotspot_17.0.9_9\jdk-17.0.9+9\bin\sunmscapi.dll

Deoptimization events (20 events):
Event: 10.144 Thread 0x000001f9b1ea2580 Uncommon trap: trap_request=0xffffffc6 fr.pc=0x000001f98f69ef9c relative=0x000000000000437c
Event: 10.144 Thread 0x000001f9b1ea2580 Uncommon trap: reason=bimorphic_or_optimized_type_check action=maybe_recompile pc=0x000001f98f69ef9c method=java.net.URL.<init>(Ljava/net/URL;Ljava/lang/String;Ljava/net/URLStreamHandler;)V @ 504 c2
Event: 10.144 Thread 0x000001f9b1ea2580 DEOPT PACKING pc=0x000001f98f69ef9c sp=0x000000d218af7350
Event: 10.144 Thread 0x000001f9b1ea2580 DEOPT UNPACKING pc=0x000001f98efe69a3 sp=0x000000d218af7300 mode 2
Event: 10.242 Thread 0x000001f9b1ea2580 Uncommon trap: trap_request=0xffffffbe fr.pc=0x000001f98f6194b8 relative=0x00000000000002b8
Event: 10.242 Thread 0x000001f9b1ea2580 Uncommon trap: reason=profile_predicate action=maybe_recompile pc=0x000001f98f6194b8 method=java.util.AbstractCollection.addAll(Ljava/util/Collection;)Z @ 15 c2
Event: 10.242 Thread 0x000001f9b1ea2580 DEOPT PACKING pc=0x000001f98f6194b8 sp=0x000000d218af9250
Event: 10.242 Thread 0x000001f9b1ea2580 DEOPT UNPACKING pc=0x000001f98efe69a3 sp=0x000000d218af91e8 mode 2
Event: 10.253 Thread 0x000001f9b1ea2580 Uncommon trap: trap_request=0xffffffde fr.pc=0x000001f98f6ff41c relative=0x00000000000003dc
Event: 10.253 Thread 0x000001f9b1ea2580 Uncommon trap: reason=class_check action=maybe_recompile pc=0x000001f98f6ff41c method=java.util.regex.Pattern$Start.match(Ljava/util/regex/Matcher;ILjava/lang/CharSequence;)Z @ 44 c2
Event: 10.253 Thread 0x000001f9b1ea2580 DEOPT PACKING pc=0x000001f98f6ff41c sp=0x000000d218af8920
Event: 10.253 Thread 0x000001f9b1ea2580 DEOPT UNPACKING pc=0x000001f98efe69a3 sp=0x000000d218af8860 mode 2
Event: 10.253 Thread 0x000001f9b1ea2580 Uncommon trap: trap_request=0xffffffde fr.pc=0x000001f98f6ff41c relative=0x00000000000003dc
Event: 10.253 Thread 0x000001f9b1ea2580 Uncommon trap: reason=class_check action=maybe_recompile pc=0x000001f98f6ff41c method=java.util.regex.Pattern$Start.match(Ljava/util/regex/Matcher;ILjava/lang/CharSequence;)Z @ 44 c2
Event: 10.254 Thread 0x000001f9b1ea2580 DEOPT PACKING pc=0x000001f98f6ff41c sp=0x000000d218af8920
Event: 10.254 Thread 0x000001f9b1ea2580 DEOPT UNPACKING pc=0x000001f98efe69a3 sp=0x000000d218af8860 mode 2
Event: 10.256 Thread 0x000001f9b1ea2580 Uncommon trap: trap_request=0xffffffbe fr.pc=0x000001f98f6194b8 relative=0x00000000000002b8
Event: 10.256 Thread 0x000001f9b1ea2580 Uncommon trap: reason=profile_predicate action=maybe_recompile pc=0x000001f98f6194b8 method=java.util.AbstractCollection.addAll(Ljava/util/Collection;)Z @ 15 c2
Event: 10.256 Thread 0x000001f9b1ea2580 DEOPT PACKING pc=0x000001f98f6194b8 sp=0x000000d218af9250
Event: 10.256 Thread 0x000001f9b1ea2580 DEOPT UNPACKING pc=0x000001f98efe69a3 sp=0x000000d218af91e8 mode 2

Classes unloaded (0 events):
No events

Classes redefined (0 events):
No events

Internal exceptions (20 events):
Event: 10.105 Thread 0x000001f9b1ea2580 Exception <a 'java/lang/ClassNotFoundException'{0x00000000ecbf1340}: groovy/lang/MetaClassImplCustomizer> (0x00000000ecbf1340) 
thrown [s\src\hotspot\share\classfile\systemDictionary.cpp, line 256]
Event: 10.106 Thread 0x000001f9b1ea2580 Exception <a 'java/lang/ClassNotFoundException'{0x00000000eca27938}: groovy/lang/ExpandoMetaClassCustomizer> (0x00000000eca27938) 
thrown [s\src\hotspot\share\classfile\systemDictionary.cpp, line 256]
Event: 10.240 Thread 0x000001f9b1ea2580 Exception <a 'java/lang/ClassNotFoundException'{0x00000000eb47d3e0}: groovy/lang/BindingBeanInfo> (0x00000000eb47d3e0) 
thrown [s\src\hotspot\share\classfile\systemDictionary.cpp, line 256]
Event: 10.240 Thread 0x000001f9b1ea2580 Exception <a 'java/lang/ClassNotFoundException'{0x00000000eb4940f8}: groovy/lang/GroovyObjectSupportBeanInfo> (0x00000000eb4940f8) 
thrown [s\src\hotspot\share\classfile\systemDictionary.cpp, line 256]
Event: 10.241 Thread 0x000001f9b1ea2580 Exception <a 'java/lang/ClassNotFoundException'{0x00000000eb4aabf8}: groovy/lang/GroovyObjectSupportCustomizer> (0x00000000eb4aabf8) 
thrown [s\src\hotspot\share\classfile\systemDictionary.cpp, line 256]
Event: 10.242 Thread 0x000001f9b1ea2580 Exception <a 'java/lang/ClassNotFoundException'{0x00000000eb4c4ac0}: groovy/lang/BindingCustomizer> (0x00000000eb4c4ac0) 
thrown [s\src\hotspot\share\classfile\systemDictionary.cpp, line 256]
Event: 10.249 Thread 0x000001f9b1ea2580 Exception <a 'java/lang/ClassNotFoundException'{0x00000000eb3f3918}: ijMapper1_5myvl4udql2i0r09dfg9yn078BeanInfo> (0x00000000eb3f3918) 
thrown [s\src\hotspot\share\classfile\systemDictionary.cpp, line 256]
Event: 10.250 Thread 0x000001f9b1ea2580 Exception <a 'java/lang/ClassNotFoundException'{0x00000000eb3fcd70}: org/gradle/initialization/InitScriptBeanInfo> (0x00000000eb3fcd70) 
thrown [s\src\hotspot\share\classfile\systemDictionary.cpp, line 256]
Event: 10.250 Thread 0x000001f9b1ea2580 Exception <a 'java/lang/ClassNotFoundException'{0x00000000eb2077b8}: org/gradle/groovy/scripts/DefaultScriptBeanInfo> (0x00000000eb2077b8) 
thrown [s\src\hotspot\share\classfile\systemDictionary.cpp, line 256]
Event: 10.250 Thread 0x000001f9b1ea2580 Exception <a 'java/lang/ClassNotFoundException'{0x00000000eb211c40}: org/gradle/groovy/scripts/BasicScriptBeanInfo> (0x00000000eb211c40) 
thrown [s\src\hotspot\share\classfile\systemDictionary.cpp, line 256]
Event: 10.250 Thread 0x000001f9b1ea2580 Exception <a 'java/lang/ClassNotFoundException'{0x00000000eb21c300}: org/gradle/groovy/scripts/ScriptBeanInfo> (0x00000000eb21c300) 
thrown [s\src\hotspot\share\classfile\systemDictionary.cpp, line 256]
Event: 10.251 Thread 0x000001f9b1ea2580 Exception <a 'java/lang/ClassNotFoundException'{0x00000000eb233f18}: groovy/lang/ScriptBeanInfo> (0x00000000eb233f18) 
thrown [s\src\hotspot\share\classfile\systemDictionary.cpp, line 256]
Event: 10.251 Thread 0x000001f9b1ea2580 Exception <a 'java/lang/ClassNotFoundException'{0x00000000eb24bb20}: groovy/lang/ScriptCustomizer> (0x00000000eb24bb20) 
thrown [s\src\hotspot\share\classfile\systemDictionary.cpp, line 256]
Event: 10.252 Thread 0x000001f9b1ea2580 Exception <a 'java/lang/ClassNotFoundException'{0x00000000eb25df18}: org/gradle/groovy/scripts/ScriptCustomizer> (0x00000000eb25df18) 
thrown [s\src\hotspot\share\classfile\systemDictionary.cpp, line 256]
Event: 10.252 Thread 0x000001f9b1ea2580 Exception <a 'java/lang/ClassNotFoundException'{0x00000000eb26f338}: org/gradle/groovy/scripts/BasicScriptCustomizer> (0x00000000eb26f338) 
thrown [s\src\hotspot\share\classfile\systemDictionary.cpp, line 256]
Event: 10.253 Thread 0x000001f9b1ea2580 Exception <a 'java/lang/ClassNotFoundException'{0x00000000eb2858f8}: org/gradle/groovy/scripts/DefaultScriptCustomizer> (0x00000000eb2858f8) 
thrown [s\src\hotspot\share\classfile\systemDictionary.cpp, line 256]
Event: 10.255 Thread 0x000001f9b1ea2580 Exception <a 'java/lang/ClassNotFoundException'{0x00000000eb2ac970}: org/gradle/initialization/InitScriptCustomizer> (0x00000000eb2ac970) 
thrown [s\src\hotspot\share\classfile\systemDictionary.cpp, line 256]
Event: 10.255 Thread 0x000001f9b1ea2580 Exception <a 'java/lang/ClassNotFoundException'{0x00000000eb2baaa8}: ijMapper1_5myvl4udql2i0r09dfg9yn078Customizer> (0x00000000eb2baaa8) 
thrown [s\src\hotspot\share\classfile\systemDictionary.cpp, line 256]
Event: 10.266 Thread 0x000001f9b1ea2580 Exception <a 'java/lang/ClassNotFoundException'{0x00000000eb1742f8}: org/gradle/internal/extensibility/DefaultExtraPropertiesExtensionBeanInfo> (0x00000000eb1742f8) 
thrown [s\src\hotspot\share\classfile\systemDictionary.cpp, line 256]
Event: 10.266 Thread 0x000001f9b1ea2580 Exception <a 'java/lang/ClassNotFoundException'{0x00000000eb17dc20}: org/gradle/internal/extensibility/DefaultExtraPropertiesExtensionCustomizer> (0x00000000eb17dc20) 
thrown [s\src\hotspot\share\classfile\systemDictionary.cpp, line 256]

VM Operations (20 events):
Event: 9.939 Executing VM operation: HandshakeAllThreads
Event: 9.939 Executing VM operation: HandshakeAllThreads done
Event: 10.057 Executing VM operation: HandshakeAllThreads
Event: 10.057 Executing VM operation: HandshakeAllThreads done
Event: 10.079 Executing VM operation: HandshakeAllThreads
Event: 10.079 Executing VM operation: HandshakeAllThreads done
Event: 10.144 Executing VM operation: HandshakeAllThreads
Event: 10.144 Executing VM operation: HandshakeAllThreads done
Event: 10.144 Executing VM operation: HandshakeAllThreads
Event: 10.144 Executing VM operation: HandshakeAllThreads done
Event: 10.147 Executing VM operation: HandshakeAllThreads
Event: 10.147 Executing VM operation: HandshakeAllThreads done
Event: 10.150 Executing VM operation: HandshakeAllThreads
Event: 10.150 Executing VM operation: HandshakeAllThreads done
Event: 10.157 Executing VM operation: HandshakeAllThreads
Event: 10.157 Executing VM operation: HandshakeAllThreads done
Event: 10.194 Executing VM operation: HandshakeAllThreads
Event: 10.195 Executing VM operation: HandshakeAllThreads done
Event: 10.247 Executing VM operation: ICBufferFull
Event: 10.247 Executing VM operation: ICBufferFull done

Events (20 events):
Event: 10.194 loading class jdk/internal/jrtfs/SystemImage$1
Event: 10.194 loading class jdk/internal/jrtfs/SystemImage$1 done
Event: 10.194 loading class jdk/internal/jimage/ImageReader$SharedImageReader$LocationVisitor
Event: 10.194 loading class jdk/internal/jimage/ImageReader$SharedImageReader$LocationVisitor done
Event: 10.194 loading class java/nio/ByteBufferAsIntBufferL
Event: 10.194 loading class java/nio/ByteBufferAsIntBufferL done
Event: 10.195 loading class jdk/internal/jrtfs/JrtFileAttributes
Event: 10.195 loading class jdk/internal/jrtfs/JrtFileAttributes done
Event: 10.195 loading class jdk/internal/jrtfs/JrtDirectoryStream
Event: 10.195 loading class jdk/internal/jrtfs/JrtDirectoryStream done
Event: 10.195 loading class jdk/internal/jrtfs/JrtDirectoryStream$1
Event: 10.195 loading class jdk/internal/jrtfs/JrtDirectoryStream$1 done
Event: 10.195 loading class java/util/function/BooleanSupplier
Event: 10.195 loading class java/util/function/BooleanSupplier done
Event: 10.196 loading class jdk/internal/jimage/ImageReader$Resource
Event: 10.196 loading class jdk/internal/jimage/ImageReader$Resource done
Event: 10.238 loading class java/util/WeakHashMap$KeyIterator
Event: 10.238 loading class java/util/WeakHashMap$HashIterator
Event: 10.238 loading class java/util/WeakHashMap$HashIterator done
Event: 10.238 loading class java/util/WeakHashMap$KeyIterator done


Dynamic libraries:
0x00007ff6b41f0000 - 0x00007ff6b41fe000 	E:\env\OpenJDK17U-jdk_x64_windows_hotspot_17.0.9_9\jdk-17.0.9+9\bin\java.exe
0x00007ff971eb0000 - 0x00007ff9720a8000 	C:\Windows\SYSTEM32\ntdll.dll
0x00007ff971160000 - 0x00007ff97121d000 	C:\Windows\System32\KERNEL32.DLL
0x00007ff96f980000 - 0x00007ff96fc76000 	C:\Windows\System32\KERNELBASE.dll
0x00007ff96f6a0000 - 0x00007ff96f7a0000 	C:\Windows\System32\ucrtbase.dll
0x00007ff96ae80000 - 0x00007ff96ae9b000 	E:\env\OpenJDK17U-jdk_x64_windows_hotspot_17.0.9_9\jdk-17.0.9+9\bin\VCRUNTIME140.dll
0x00007ff96aea0000 - 0x00007ff96aeb7000 	E:\env\OpenJDK17U-jdk_x64_windows_hotspot_17.0.9_9\jdk-17.0.9+9\bin\jli.dll
0x00007ff971230000 - 0x00007ff9713ce000 	C:\Windows\System32\USER32.dll
0x00007ff96f7a0000 - 0x00007ff96f7c2000 	C:\Windows\System32\win32u.dll
0x00007ff9714a0000 - 0x00007ff9714cb000 	C:\Windows\System32\GDI32.dll
0x00007ff96fdd0000 - 0x00007ff96fee7000 	C:\Windows\System32\gdi32full.dll
0x00007ff963140000 - 0x00007ff9633da000 	C:\Windows\WinSxS\amd64_microsoft.windows.common-controls_6595b64144ccf1df_6.0.19041.3636_none_60b6a03d71f818d5\COMCTL32.dll
0x00007ff96f600000 - 0x00007ff96f69d000 	C:\Windows\System32\msvcp_win.dll
0x00007ff970ca0000 - 0x00007ff970d3e000 	C:\Windows\System32\msvcrt.dll
0x00007ff971010000 - 0x00007ff971042000 	C:\Windows\System32\IMM32.DLL
0x00007ff950510000 - 0x00007ff95051c000 	E:\env\OpenJDK17U-jdk_x64_windows_hotspot_17.0.9_9\jdk-17.0.9+9\bin\vcruntime140_1.dll
0x00007ff9370a0000 - 0x00007ff93712d000 	E:\env\OpenJDK17U-jdk_x64_windows_hotspot_17.0.9_9\jdk-17.0.9+9\bin\msvcp140.dll
0x00007ff912ef0000 - 0x00007ff913b51000 	E:\env\OpenJDK17U-jdk_x64_windows_hotspot_17.0.9_9\jdk-17.0.9+9\bin\server\jvm.dll
0x00007ff971db0000 - 0x00007ff971e63000 	C:\Windows\System32\ADVAPI32.dll
0x00007ff96fef0000 - 0x00007ff96ff8f000 	C:\Windows\System32\sechost.dll
0x00007ff970aa0000 - 0x00007ff970bc6000 	C:\Windows\System32\RPCRT4.dll
0x00007ff96fc80000 - 0x00007ff96fca7000 	C:\Windows\System32\bcrypt.dll
0x00007ff96f320000 - 0x00007ff96f36b000 	C:\Windows\SYSTEM32\POWRPROF.dll
0x00007ff931c20000 - 0x00007ff931c29000 	C:\Windows\SYSTEM32\WSOCK32.dll
0x00007ff970bd0000 - 0x00007ff970c3b000 	C:\Windows\System32\WS2_32.dll
0x00007ff96a2e0000 - 0x00007ff96a2ea000 	C:\Windows\SYSTEM32\VERSION.dll
0x00007ff9635a0000 - 0x00007ff9635c7000 	C:\Windows\SYSTEM32\WINMM.dll
0x00007ff96f300000 - 0x00007ff96f312000 	C:\Windows\SYSTEM32\UMPDC.dll
0x00007ff96d360000 - 0x00007ff96d372000 	C:\Windows\SYSTEM32\kernel.appcore.dll
0x00007ff940840000 - 0x00007ff94084a000 	E:\env\OpenJDK17U-jdk_x64_windows_hotspot_17.0.9_9\jdk-17.0.9+9\bin\jimage.dll
0x00007ff963850000 - 0x00007ff963a34000 	C:\Windows\SYSTEM32\DBGHELP.DLL
0x00007ff962e10000 - 0x00007ff962e44000 	C:\Windows\SYSTEM32\dbgcore.DLL
0x00007ff96f570000 - 0x00007ff96f5f2000 	C:\Windows\System32\bcryptPrimitives.dll
0x00007ff940960000 - 0x00007ff94096e000 	E:\env\OpenJDK17U-jdk_x64_windows_hotspot_17.0.9_9\jdk-17.0.9+9\bin\instrument.dll
0x00007ff937070000 - 0x00007ff937095000 	E:\env\OpenJDK17U-jdk_x64_windows_hotspot_17.0.9_9\jdk-17.0.9+9\bin\java.dll
0x00007ff912e10000 - 0x00007ff912ee7000 	E:\env\OpenJDK17U-jdk_x64_windows_hotspot_17.0.9_9\jdk-17.0.9+9\bin\jsvml.dll
0x00007ff96ff90000 - 0x00007ff9706d5000 	C:\Windows\System32\SHELL32.dll
0x00007ff96d640000 - 0x00007ff96dddc000 	C:\Windows\SYSTEM32\windows.storage.dll
0x00007ff971970000 - 0x00007ff971cc4000 	C:\Windows\System32\combase.dll
0x00007ff96eed0000 - 0x00007ff96eefe000 	C:\Windows\SYSTEM32\Wldp.dll
0x00007ff9713d0000 - 0x00007ff97149d000 	C:\Windows\System32\OLEAUT32.dll
0x00007ff970db0000 - 0x00007ff970e5d000 	C:\Windows\System32\SHCORE.dll
0x00007ff970d40000 - 0x00007ff970d95000 	C:\Windows\System32\shlwapi.dll
0x00007ff96f4a0000 - 0x00007ff96f4c5000 	C:\Windows\SYSTEM32\profapi.dll
0x00007ff915ff0000 - 0x00007ff916008000 	E:\env\OpenJDK17U-jdk_x64_windows_hotspot_17.0.9_9\jdk-17.0.9+9\bin\zip.dll
0x00007ff937050000 - 0x00007ff937069000 	E:\env\OpenJDK17U-jdk_x64_windows_hotspot_17.0.9_9\jdk-17.0.9+9\bin\net.dll
0x00007ff969dd0000 - 0x00007ff969eda000 	C:\Windows\SYSTEM32\WINHTTP.dll
0x00007ff96ec30000 - 0x00007ff96ec9a000 	C:\Windows\system32\mswsock.dll
0x00007ff937030000 - 0x00007ff937046000 	E:\env\OpenJDK17U-jdk_x64_windows_hotspot_17.0.9_9\jdk-17.0.9+9\bin\nio.dll
0x00007ff946da0000 - 0x00007ff946db0000 	E:\env\OpenJDK17U-jdk_x64_windows_hotspot_17.0.9_9\jdk-17.0.9+9\bin\verify.dll
0x00007ff9420d0000 - 0x00007ff9420f7000 	C:\Users\simko\.gradle\native\c067742578af261105cb4f569cf0c3c89f3d7b1fecec35dd04571415982c5e48\windows-amd64\native-platform.dll
0x00007ff9126c0000 - 0x00007ff912804000 	C:\Users\simko\.gradle\native\38dada09dfb8b06ba9b0570ebf7e218e3eb74d4ef43ca46872605cf95ebc2f47\windows-amd64\native-platform-file-events.dll
0x00007ff946830000 - 0x00007ff946839000 	E:\env\OpenJDK17U-jdk_x64_windows_hotspot_17.0.9_9\jdk-17.0.9+9\bin\management.dll
0x00007ff946530000 - 0x00007ff94653b000 	E:\env\OpenJDK17U-jdk_x64_windows_hotspot_17.0.9_9\jdk-17.0.9+9\bin\management_ext.dll
0x00007ff970da0000 - 0x00007ff970da8000 	C:\Windows\System32\PSAPI.DLL
0x00007ff96ee20000 - 0x00007ff96ee38000 	C:\Windows\SYSTEM32\CRYPTSP.dll
0x00007ff96e560000 - 0x00007ff96e594000 	C:\Windows\system32\rsaenh.dll
0x00007ff96f460000 - 0x00007ff96f48e000 	C:\Windows\SYSTEM32\USERENV.dll
0x00007ff96ee40000 - 0x00007ff96ee4c000 	C:\Windows\SYSTEM32\CRYPTBASE.dll
0x00007ff96e920000 - 0x00007ff96e95b000 	C:\Windows\SYSTEM32\IPHLPAPI.DLL
0x00007ff9714d0000 - 0x00007ff9714d8000 	C:\Windows\System32\NSI.dll
0x00007ff96a2c0000 - 0x00007ff96a2d7000 	C:\Windows\SYSTEM32\dhcpcsvc6.DLL
0x00007ff96a3c0000 - 0x00007ff96a3dd000 	C:\Windows\SYSTEM32\dhcpcsvc.DLL
0x00007ff96e960000 - 0x00007ff96ea2b000 	C:\Windows\SYSTEM32\DNSAPI.dll
0x00007ff946520000 - 0x00007ff94652e000 	E:\env\OpenJDK17U-jdk_x64_windows_hotspot_17.0.9_9\jdk-17.0.9+9\bin\sunmscapi.dll
0x00007ff96f7d0000 - 0x00007ff96f92d000 	C:\Windows\System32\CRYPT32.dll
0x00007ff96ef40000 - 0x00007ff96ef68000 	C:\Windows\SYSTEM32\ncrypt.dll
0x00007ff96ef00000 - 0x00007ff96ef3b000 	C:\Windows\SYSTEM32\NTASN1.dll
0x00007ff948b70000 - 0x00007ff948b77000 	C:\Windows\system32\wshunix.dll

dbghelp: loaded successfully - version: 4.0.5 - missing functions: none
symbol engine: initialized successfully - sym options: 0x614 - pdb path: .;E:\env\OpenJDK17U-jdk_x64_windows_hotspot_17.0.9_9\jdk-17.0.9+9\bin;C:\Windows\SYSTEM32;C:\Windows\WinSxS\amd64_microsoft.windows.common-controls_6595b64144ccf1df_6.0.19041.3636_none_60b6a03d71f818d5;E:\env\OpenJDK17U-jdk_x64_windows_hotspot_17.0.9_9\jdk-17.0.9+9\bin\server;C:\Users\simko\.gradle\native\c067742578af261105cb4f569cf0c3c89f3d7b1fecec35dd04571415982c5e48\windows-amd64;C:\Users\simko\.gradle\native\38dada09dfb8b06ba9b0570ebf7e218e3eb74d4ef43ca46872605cf95ebc2f47\windows-amd64

VM Arguments:
jvm_args: --add-opens=java.base/java.util=ALL-UNNAMED --add-opens=java.base/java.lang=ALL-UNNAMED --add-opens=java.base/java.lang.invoke=ALL-UNNAMED --add-opens=java.prefs/java.util.prefs=ALL-UNNAMED --add-opens=java.base/java.nio.charset=ALL-UNNAMED --add-opens=java.base/java.net=ALL-UNNAMED --add-opens=java.base/java.util.concurrent.atomic=ALL-UNNAMED -XX:MaxMetaspaceSize=384m -XX:+HeapDumpOnOutOfMemoryError -Xms256m -Xmx512m -Dfile.encoding=UTF-8 -Duser.country=KR -Duser.language=ko -Duser.variant -javaagent:C:\Users\simko\.gradle\wrapper\dists\gradle-8.4-bin\1w5dpkrfk8irigvoxmyhowfim\gradle-8.4\lib\agents\gradle-instrumentation-agent-8.4.jar 
java_command: org.gradle.launcher.daemon.bootstrap.GradleDaemon 8.4
java_class_path (initial): C:\Users\simko\.gradle\wrapper\dists\gradle-8.4-bin\1w5dpkrfk8irigvoxmyhowfim\gradle-8.4\lib\gradle-launcher-8.4.jar
Launcher Type: SUN_STANDARD

[Global flags]
     intx CICompilerCount                          = 3                                         {product} {ergonomic}
   size_t CompressedClassSpaceSize                 = 335544320                                 {product} {ergonomic}
     uint ConcGCThreads                            = 2                                         {product} {ergonomic}
     uint G1ConcRefinementThreads                  = 6                                         {product} {ergonomic}
   size_t G1HeapRegionSize                         = 1048576                                   {product} {ergonomic}
    uintx GCDrainStackTargetSize                   = 64                                        {product} {ergonomic}
     bool HeapDumpOnOutOfMemoryError               = true                                   {manageable} {command line}
   size_t InitialHeapSize                          = 268435456                                 {product} {command line}
   size_t MarkStackSize                            = 4194304                                   {product} {ergonomic}
   size_t MaxHeapSize                              = 536870912                                 {product} {command line}
   size_t MaxMetaspaceSize                         = 402653184                                 {product} {command line}
   size_t MaxNewSize                               = 321912832                                 {product} {ergonomic}
   size_t MinHeapDeltaBytes                        = 1048576                                   {product} {ergonomic}
   size_t MinHeapSize                              = 268435456                                 {product} {command line}
    uintx NonNMethodCodeHeapSize                   = 5832780                                {pd product} {ergonomic}
    uintx NonProfiledCodeHeapSize                  = 122912730                              {pd product} {ergonomic}
    uintx ProfiledCodeHeapSize                     = 122912730                              {pd product} {ergonomic}
    uintx ReservedCodeCacheSize                    = 251658240                              {pd product} {ergonomic}
     bool SegmentedCodeCache                       = true                                      {product} {ergonomic}
   size_t SoftMaxHeapSize                          = 536870912                              {manageable} {ergonomic}
     bool UseCompressedClassPointers               = true                           {product lp64_product} {ergonomic}
     bool UseCompressedOops                        = true                           {product lp64_product} {ergonomic}
     bool UseG1GC                                  = true                                      {product} {ergonomic}
     bool UseLargePagesIndividualAllocation        = false                                  {pd product} {ergonomic}

Logging:
Log output configuration:
 #0: stdout all=warning uptime,level,tags
 #1: stderr all=off uptime,level,tags

Environment Variables:
JAVA_HOME=E:\env\OpenJDK17U-jdk_x64_windows_hotspot_17.0.9_9\jdk-17.0.9+9
PATH=E:\env\OpenJDK17U-jdk_x64_windows_hotspot_17.0.9_9\jdk-17.0.9+9\bin;C:\Program Files (x86)\Common Files\Oracle\Java\javapath;C:\Program Files (x86)\Common Files\Intel\Shared Libraries\redist\intel64\compiler;C:\Windows\system32;C:\Windows;C:\Windows\System32\Wbem;C:\Windows\System32\WindowsPowerShell\v1.0\;C:\Windows\System32\OpenSSH\;C:\Program Files\NVIDIA Corporation\NVIDIA NGX;C:\Windows\system32;C:\Windows;C:\Windows\System32\Wbem;C:\Windows\System32\WindowsPowerShell\v1.0\;C:\Windows\System32\OpenSSH\;C:\Program Files\dotnet\;C:\Program Files\Git\cmd;C:\Program Files\nodejs\;C:\Users\simko\AppData\Local\Microsoft\WindowsApps;;C:\Users\simko\AppData\Local\afreeca;C:\Program Files\JetBrains\IntelliJ IDEA 2023.3.1\bin;;C:\Users\simko\AppData\Local\Programs\Microsoft VS Code\bin;C:\Users\simko\AppData\Roaming\npm
USERNAME=simko
OS=Windows_NT
PROCESSOR_IDENTIFIER=Intel64 Family 6 Model 158 Stepping 10, GenuineIntel
TMP=C:\Users\simko\AppData\Local\Temp
TEMP=C:\Users\simko\AppData\Local\Temp



Periodic native trim disabled


---------------  S Y S T E M  ---------------

OS:
 Windows 10 , 64 bit Build 19041 (10.0.19041.3636)
OS uptime: 0 days 0:03 hours

CPU: total 6 (initial active 6) (6 cores per cpu, 1 threads per core) family 6 model 158 stepping 10 microcode 0xb4, cx8, cmov, fxsr, mmx, 3dnowpref, sse, sse2, sse3, ssse3, sse4.1, sse4.2, popcnt, lzcnt, tsc, tscinvbit, avx, avx2, aes, erms, clmul, bmi1, bmi2, adx, fma, vzeroupper, clflush, clflushopt
Processor Information for all 6 processors :
  Max Mhz: 2904, Current Mhz: 2904, Mhz Limit: 2904

Memory: 4k page, system-wide physical 16318M (7922M free)
TotalPageFile size 19006M (AvailPageFile size 7980M)
current process WorkingSet (physical memory assigned to process): 297M, peak: 298M
current process commit charge ("private bytes"): 450M, peak: 456M

vm_info: OpenJDK 64-Bit Server VM (17.0.9+9) for windows-amd64 JRE (17.0.9+9), built on Oct 26 2023 14:01:42 by "admin" with MS VC++ 16.10 / 16.11 (VS2019)

END.
